{"/home/travis/build/npmtest/node-npmtest-telegram-api/test.js":{"path":"/home/travis/build/npmtest/node-npmtest-telegram-api/test.js","s":{"1":2,"2":2,"3":2,"4":2,"5":2,"6":2,"7":2,"8":1,"9":2,"10":2,"11":1,"12":1,"13":1,"14":1,"15":2,"16":2,"17":2,"18":2,"19":1,"20":1,"21":2,"22":2,"23":2,"24":1,"25":1,"26":1,"27":1,"28":1,"29":1,"30":1,"31":1,"32":1,"33":1,"34":1,"35":1,"36":1,"37":1,"38":1,"39":2,"40":2,"41":1,"42":2,"43":2,"44":1,"45":2,"46":2,"47":1,"48":2,"49":2,"50":1,"51":1,"52":1,"53":1,"54":1},"b":{"1":[2,1,1,1],"2":[1,1,1,1],"3":[1,1],"4":[1,1],"5":[1,1],"6":[1,1],"7":[1,1],"8":[1,1],"9":[1,1],"10":[1,1,1],"11":[1,1],"12":[1,1],"13":[1,1],"14":[1,1],"15":[1,1],"16":[1,1],"17":[1,1]},"f":{"1":2,"2":2,"3":2,"4":2,"5":2,"6":1,"7":1,"8":1,"9":2,"10":2,"11":2,"12":2,"13":1},"fnMap":{"1":{"name":"(anonymous_1)","line":12,"loc":{"start":{"line":12,"column":1},"end":{"line":12,"column":13}}},"2":{"name":"(anonymous_2)","line":19,"loc":{"start":{"line":19,"column":5},"end":{"line":19,"column":17}}},"3":{"name":"(anonymous_3)","line":23,"loc":{"start":{"line":23,"column":24},"end":{"line":23,"column":36}}},"4":{"name":"(anonymous_4)","line":61,"loc":{"start":{"line":61,"column":5},"end":{"line":61,"column":17}}},"5":{"name":"(anonymous_5)","line":82,"loc":{"start":{"line":82,"column":5},"end":{"line":82,"column":17}}},"6":{"name":"(anonymous_6)","line":91,"loc":{"start":{"line":91,"column":77},"end":{"line":94,"column":10}}},"7":{"name":"(anonymous_7)","line":112,"loc":{"start":{"line":112,"column":83},"end":{"line":115,"column":10}},"skip":true},"8":{"name":"(anonymous_8)","line":123,"loc":{"start":{"line":123,"column":77},"end":{"line":126,"column":10}},"skip":true},"9":{"name":"(anonymous_9)","line":139,"loc":{"start":{"line":139,"column":12},"end":{"line":139,"column":40}},"skip":true},"10":{"name":"(anonymous_10)","line":147,"loc":{"start":{"line":147,"column":77},"end":{"line":150,"column":10}},"skip":true},"11":{"name":"(anonymous_11)","line":158,"loc":{"start":{"line":158,"column":83},"end":{"line":161,"column":10}},"skip":true},"12":{"name":"(anonymous_12)","line":169,"loc":{"start":{"line":169,"column":79},"end":{"line":172,"column":10}},"skip":true},"13":{"name":"(anonymous_13)","line":180,"loc":{"start":{"line":180,"column":75},"end":{"line":183,"column":10}},"skip":true}},"statementMap":{"1":{"start":{"line":12,"column":0},"end":{"line":195,"column":5}},"2":{"start":{"line":14,"column":4},"end":{"line":14,"column":14}},"3":{"start":{"line":19,"column":4},"end":{"line":56,"column":9}},"4":{"start":{"line":21,"column":8},"end":{"line":21,"column":19}},"5":{"start":{"line":23,"column":8},"end":{"line":35,"column":13}},"6":{"start":{"line":24,"column":12},"end":{"line":34,"column":13}},"7":{"start":{"line":25,"column":16},"end":{"line":28,"column":30}},"8":{"start":{"line":30,"column":16},"end":{"line":33,"column":27}},"9":{"start":{"line":37,"column":8},"end":{"line":39,"column":21}},"10":{"start":{"line":40,"column":8},"end":{"line":53,"column":9}},"11":{"start":{"line":43,"column":12},"end":{"line":46,"column":14}},"12":{"start":{"line":47,"column":12},"end":{"line":47,"column":18}},"13":{"start":{"line":50,"column":12},"end":{"line":51,"column":33}},"14":{"start":{"line":52,"column":12},"end":{"line":52,"column":18}},"15":{"start":{"line":55,"column":8},"end":{"line":55,"column":35}},"16":{"start":{"line":61,"column":4},"end":{"line":63,"column":9}},"17":{"start":{"line":62,"column":8},"end":{"line":62,"column":15}},"18":{"start":{"line":64,"column":4},"end":{"line":77,"column":5}},"19":{"start":{"line":70,"column":8},"end":{"line":70,"column":14}},"20":{"start":{"line":76,"column":8},"end":{"line":76,"column":14}},"21":{"start":{"line":82,"column":4},"end":{"line":84,"column":9}},"22":{"start":{"line":83,"column":8},"end":{"line":83,"column":15}},"23":{"start":{"line":85,"column":4},"end":{"line":194,"column":5}},"24":{"start":{"line":91,"column":8},"end":{"line":99,"column":10}},"25":{"start":{"line":98,"column":12},"end":{"line":98,"column":35}},"26":{"start":{"line":102,"column":8},"end":{"line":104,"column":63}},"27":{"start":{"line":105,"column":8},"end":{"line":105,"column":14}},"28":{"start":{"line":112,"column":8},"end":{"line":121,"column":10},"skip":true},"29":{"start":{"line":119,"column":12},"end":{"line":119,"column":55},"skip":true},"30":{"start":{"line":120,"column":12},"end":{"line":120,"column":48},"skip":true},"31":{"start":{"line":123,"column":8},"end":{"line":136,"column":10},"skip":true},"32":{"start":{"line":130,"column":12},"end":{"line":130,"column":76},"skip":true},"33":{"start":{"line":131,"column":12},"end":{"line":131,"column":73},"skip":true},"34":{"start":{"line":132,"column":12},"end":{"line":132,"column":74},"skip":true},"35":{"start":{"line":133,"column":12},"end":{"line":133,"column":79},"skip":true},"36":{"start":{"line":134,"column":12},"end":{"line":134,"column":25},"skip":true},"37":{"start":{"line":135,"column":12},"end":{"line":135,"column":45},"skip":true},"38":{"start":{"line":138,"column":8},"end":{"line":145,"column":14},"skip":true},"39":{"start":{"line":143,"column":16},"end":{"line":143,"column":29},"skip":true},"40":{"start":{"line":144,"column":16},"end":{"line":144,"column":55},"skip":true},"41":{"start":{"line":147,"column":8},"end":{"line":156,"column":10},"skip":true},"42":{"start":{"line":154,"column":12},"end":{"line":154,"column":25},"skip":true},"43":{"start":{"line":155,"column":12},"end":{"line":155,"column":45},"skip":true},"44":{"start":{"line":158,"column":8},"end":{"line":167,"column":10},"skip":true},"45":{"start":{"line":165,"column":12},"end":{"line":165,"column":25},"skip":true},"46":{"start":{"line":166,"column":12},"end":{"line":166,"column":48},"skip":true},"47":{"start":{"line":169,"column":8},"end":{"line":178,"column":10},"skip":true},"48":{"start":{"line":176,"column":12},"end":{"line":176,"column":25},"skip":true},"49":{"start":{"line":177,"column":12},"end":{"line":177,"column":46},"skip":true},"50":{"start":{"line":180,"column":8},"end":{"line":189,"column":10},"skip":true},"51":{"start":{"line":187,"column":12},"end":{"line":187,"column":94},"skip":true},"52":{"start":{"line":188,"column":12},"end":{"line":188,"column":48},"skip":true},"53":{"start":{"line":192,"column":8},"end":{"line":192,"column":35},"skip":true},"54":{"start":{"line":193,"column":8},"end":{"line":193,"column":14},"skip":true}},"branchMap":{"1":{"line":25,"type":"binary-expr","locations":[{"start":{"line":25,"column":23},"end":{"line":25,"column":62}},{"start":{"line":26,"column":20},"end":{"line":26,"column":70}},{"start":{"line":27,"column":20},"end":{"line":27,"column":71}},{"start":{"line":28,"column":20},"end":{"line":28,"column":29}}]},"2":{"line":30,"type":"binary-expr","locations":[{"start":{"line":30,"column":23},"end":{"line":30,"column":37}},{"start":{"line":31,"column":20},"end":{"line":31,"column":61}},{"start":{"line":32,"column":20},"end":{"line":32,"column":70}},{"start":{"line":33,"column":20},"end":{"line":33,"column":26}}]},"3":{"line":37,"type":"cond-expr","locations":[{"start":{"line":38,"column":14},"end":{"line":38,"column":20}},{"start":{"line":39,"column":14},"end":{"line":39,"column":20}}]},"4":{"line":40,"type":"switch","locations":[{"start":{"line":42,"column":8},"end":{"line":47,"column":18}},{"start":{"line":49,"column":8},"end":{"line":52,"column":18}}]},"5":{"line":44,"type":"binary-expr","locations":[{"start":{"line":44,"column":16},"end":{"line":44,"column":44}},{"start":{"line":44,"column":48},"end":{"line":44,"column":66}}]},"6":{"line":50,"type":"binary-expr","locations":[{"start":{"line":50,"column":21},"end":{"line":50,"column":49}},{"start":{"line":50,"column":53},"end":{"line":50,"column":72}}]},"7":{"line":64,"type":"switch","locations":[{"start":{"line":69,"column":4},"end":{"line":70,"column":14}},{"start":{"line":75,"column":4},"end":{"line":76,"column":14}}]},"8":{"line":85,"type":"switch","locations":[{"start":{"line":90,"column":4},"end":{"line":105,"column":14}},{"start":{"line":111,"column":4},"end":{"line":193,"column":14},"skip":true}]},"9":{"line":91,"type":"binary-expr","locations":[{"start":{"line":91,"column":42},"end":{"line":91,"column":73}},{"start":{"line":91,"column":77},"end":{"line":99,"column":9}}]},"10":{"line":102,"type":"binary-expr","locations":[{"start":{"line":102,"column":18},"end":{"line":102,"column":32}},{"start":{"line":103,"column":12},"end":{"line":103,"column":53}},{"start":{"line":104,"column":12},"end":{"line":104,"column":61}}]},"11":{"line":112,"type":"binary-expr","locations":[{"start":{"line":112,"column":45},"end":{"line":112,"column":79},"skip":true},{"start":{"line":112,"column":83},"end":{"line":121,"column":9},"skip":true}]},"12":{"line":123,"type":"binary-expr","locations":[{"start":{"line":123,"column":42},"end":{"line":123,"column":73},"skip":true},{"start":{"line":123,"column":77},"end":{"line":136,"column":9},"skip":true}]},"13":{"line":138,"type":"binary-expr","locations":[{"start":{"line":138,"column":48},"end":{"line":138,"column":85},"skip":true},{"start":{"line":139,"column":12},"end":{"line":145,"column":13},"skip":true}]},"14":{"line":147,"type":"binary-expr","locations":[{"start":{"line":147,"column":42},"end":{"line":147,"column":73},"skip":true},{"start":{"line":147,"column":77},"end":{"line":156,"column":9},"skip":true}]},"15":{"line":158,"type":"binary-expr","locations":[{"start":{"line":158,"column":45},"end":{"line":158,"column":79},"skip":true},{"start":{"line":158,"column":83},"end":{"line":167,"column":9},"skip":true}]},"16":{"line":169,"type":"binary-expr","locations":[{"start":{"line":169,"column":43},"end":{"line":169,"column":75},"skip":true},{"start":{"line":169,"column":79},"end":{"line":178,"column":9},"skip":true}]},"17":{"line":180,"type":"binary-expr","locations":[{"start":{"line":180,"column":41},"end":{"line":180,"column":71},"skip":true},{"start":{"line":180,"column":75},"end":{"line":189,"column":9},"skip":true}]}},"code":["/* istanbul instrument in package npmtest_telegram_api */","/*jslint","    bitwise: true,","    browser: true,","    maxerr: 8,","    maxlen: 96,","    node: true,","    nomen: true,","    regexp: true,","    stupid: true","*/","(function () {","    'use strict';","    var local;","","","","    // run shared js-env code - init-before","    (function () {","        // init local","        local = {};","        // init modeJs","        local.modeJs = (function () {","            try {","                return typeof navigator.userAgent === 'string' &&","                    typeof document.querySelector('body') === 'object' &&","                    typeof XMLHttpRequest.prototype.open === 'function' &&","                    'browser';","            } catch (errorCaughtBrowser) {","                return module.exports &&","                    typeof process.versions.node === 'string' &&","                    typeof require('http').createServer === 'function' &&","                    'node';","            }","        }());","        // init global","        local.global = local.modeJs === 'browser'","            ? window","            : global;","        switch (local.modeJs) {","        // re-init local from window.local","        case 'browser':","            local = local.global.utility2.objectSetDefault(","                local.global.utility2_rollup || local.global.local,","                local.global.utility2","            );","            break;","        // re-init local from example.js","        case 'node':","            local = (local.global.utility2_rollup || require('utility2'))","                .requireReadme();","            break;","        }","        // export local","        local.global.local = local;","    }());","","","","    // run shared js-env code - function","    (function () {","        return;","    }());","    switch (local.modeJs) {","","","","    // run browser js-env code - function","    case 'browser':","        break;","","","","    // run node js-env code - function","    case 'node':","        break;","    }","","","","    // run shared js-env code - init-after","    (function () {","        return;","    }());","    switch (local.modeJs) {","","","","    // run browser js-env code - init-after","    case 'browser':","        local.testCase_browser_nullCase = local.testCase_browser_nullCase || function (","            options,","            onError","        ) {","        /*","         * this function will test browsers's null-case handling-behavior-behavior","         */","            onError(null, options);","        };","","        // run tests","        local.nop(local.modeTest &&","            document.querySelector('#testRunButton1') &&","            document.querySelector('#testRunButton1').click());","        break;","","","","    // run node js-env code - init-after","    /* istanbul ignore next */","    case 'node':","        local.testCase_buildApidoc_default = local.testCase_buildApidoc_default || function (","            options,","            onError","        ) {","        /*","         * this function will test buildApidoc's default handling-behavior-behavior","         */","            options = { modulePathList: module.paths };","            local.buildApidoc(options, onError);","        };","","        local.testCase_buildApp_default = local.testCase_buildApp_default || function (","            options,","            onError","        ) {","        /*","         * this function will test buildApp's default handling-behavior-behavior","         */","            local.testCase_buildReadme_default(options, local.onErrorThrow);","            local.testCase_buildLib_default(options, local.onErrorThrow);","            local.testCase_buildTest_default(options, local.onErrorThrow);","            local.testCase_buildCustomOrg_default(options, local.onErrorThrow);","            options = [];","            local.buildApp(options, onError);","        };","","        local.testCase_buildCustomOrg_default = local.testCase_buildCustomOrg_default ||","            function (options, onError) {","            /*","             * this function will test buildCustomOrg's default handling-behavior","             */","                options = {};","                local.buildCustomOrg(options, onError);","            };","","        local.testCase_buildLib_default = local.testCase_buildLib_default || function (","            options,","            onError","        ) {","        /*","         * this function will test buildLib's default handling-behavior","         */","            options = {};","            local.buildLib(options, onError);","        };","","        local.testCase_buildReadme_default = local.testCase_buildReadme_default || function (","            options,","            onError","        ) {","        /*","         * this function will test buildReadme's default handling-behavior-behavior","         */","            options = {};","            local.buildReadme(options, onError);","        };","","        local.testCase_buildTest_default = local.testCase_buildTest_default || function (","            options,","            onError","        ) {","        /*","         * this function will test buildTest's default handling-behavior","         */","            options = {};","            local.buildTest(options, onError);","        };","","        local.testCase_webpage_default = local.testCase_webpage_default || function (","            options,","            onError","        ) {","        /*","         * this function will test webpage's default handling-behavior","         */","            options = { modeCoverageMerge: true, url: local.serverLocalHost + '?modeTest=1' };","            local.browserTest(options, onError);","        };","","        // run test-server","        local.testRunServer(local);","        break;","    }","}());",""],"l":{"12":2,"14":2,"19":2,"21":2,"23":2,"24":2,"25":2,"30":1,"37":2,"40":2,"43":1,"47":1,"50":1,"52":1,"55":2,"61":2,"62":2,"64":2,"70":1,"76":1,"82":2,"83":2,"85":2,"91":1,"98":1,"102":1,"105":1,"112":1,"119":1,"120":1,"123":1,"130":1,"131":1,"132":1,"133":1,"134":1,"135":1,"138":1,"143":2,"144":2,"147":1,"154":2,"155":2,"158":1,"165":2,"166":2,"169":1,"176":2,"177":2,"180":1,"187":1,"188":1,"192":1,"193":1}},"/home/travis/build/npmtest/node-npmtest-telegram-api/lib.npmtest_telegram_api.js":{"path":"/home/travis/build/npmtest/node-npmtest-telegram-api/lib.npmtest_telegram_api.js","s":{"1":2,"2":2,"3":2,"4":2,"5":2,"6":2,"7":2,"8":1,"9":2,"10":2,"11":2,"12":2,"13":1,"14":1,"15":1,"16":1},"b":{"1":[2,1,1,1],"2":[1,1,1,1],"3":[1,1],"4":[2,2],"5":[1,1]},"f":{"1":2,"2":2,"3":2},"fnMap":{"1":{"name":"(anonymous_1)","line":12,"loc":{"start":{"line":12,"column":1},"end":{"line":12,"column":13}}},"2":{"name":"(anonymous_2)","line":19,"loc":{"start":{"line":19,"column":5},"end":{"line":19,"column":17}}},"3":{"name":"(anonymous_3)","line":23,"loc":{"start":{"line":23,"column":24},"end":{"line":23,"column":36}}}},"statementMap":{"1":{"start":{"line":12,"column":0},"end":{"line":53,"column":5}},"2":{"start":{"line":14,"column":4},"end":{"line":14,"column":14}},"3":{"start":{"line":19,"column":4},"end":{"line":52,"column":9}},"4":{"start":{"line":21,"column":8},"end":{"line":21,"column":19}},"5":{"start":{"line":23,"column":8},"end":{"line":35,"column":13}},"6":{"start":{"line":24,"column":12},"end":{"line":34,"column":13}},"7":{"start":{"line":25,"column":16},"end":{"line":28,"column":30}},"8":{"start":{"line":30,"column":16},"end":{"line":33,"column":27}},"9":{"start":{"line":37,"column":8},"end":{"line":39,"column":21}},"10":{"start":{"line":41,"column":8},"end":{"line":41,"column":54}},"11":{"start":{"line":43,"column":8},"end":{"line":43,"column":57}},"12":{"start":{"line":45,"column":8},"end":{"line":51,"column":9}},"13":{"start":{"line":46,"column":12},"end":{"line":46,"column":63}},"14":{"start":{"line":48,"column":12},"end":{"line":48,"column":35}},"15":{"start":{"line":49,"column":12},"end":{"line":49,"column":49}},"16":{"start":{"line":50,"column":12},"end":{"line":50,"column":43}}},"branchMap":{"1":{"line":25,"type":"binary-expr","locations":[{"start":{"line":25,"column":23},"end":{"line":25,"column":62}},{"start":{"line":26,"column":20},"end":{"line":26,"column":70}},{"start":{"line":27,"column":20},"end":{"line":27,"column":71}},{"start":{"line":28,"column":20},"end":{"line":28,"column":29}}]},"2":{"line":30,"type":"binary-expr","locations":[{"start":{"line":30,"column":23},"end":{"line":30,"column":37}},{"start":{"line":31,"column":20},"end":{"line":31,"column":61}},{"start":{"line":32,"column":20},"end":{"line":32,"column":70}},{"start":{"line":33,"column":20},"end":{"line":33,"column":26}}]},"3":{"line":37,"type":"cond-expr","locations":[{"start":{"line":38,"column":14},"end":{"line":38,"column":20}},{"start":{"line":39,"column":14},"end":{"line":39,"column":20}}]},"4":{"line":41,"type":"binary-expr","locations":[{"start":{"line":41,"column":16},"end":{"line":41,"column":44}},{"start":{"line":41,"column":48},"end":{"line":41,"column":53}}]},"5":{"line":45,"type":"if","locations":[{"start":{"line":45,"column":8},"end":{"line":45,"column":8}},{"start":{"line":45,"column":8},"end":{"line":45,"column":8}}]}},"code":["/* istanbul instrument in package npmtest_telegram_api */","/*jslint","    bitwise: true,","    browser: true,","    maxerr: 8,","    maxlen: 96,","    node: true,","    nomen: true,","    regexp: true,","    stupid: true","*/","(function () {","    'use strict';","    var local;","","","","    // run shared js-env code - init-before","    (function () {","        // init local","        local = {};","        // init modeJs","        local.modeJs = (function () {","            try {","                return typeof navigator.userAgent === 'string' &&","                    typeof document.querySelector('body') === 'object' &&","                    typeof XMLHttpRequest.prototype.open === 'function' &&","                    'browser';","            } catch (errorCaughtBrowser) {","                return module.exports &&","                    typeof process.versions.node === 'string' &&","                    typeof require('http').createServer === 'function' &&","                    'node';","            }","        }());","        // init global","        local.global = local.modeJs === 'browser'","            ? window","            : global;","        // init utility2_rollup","        local = local.global.utility2_rollup || local;","        // init lib","        local.local = local.npmtest_telegram_api = local;","        // init exports","        if (local.modeJs === 'browser') {","            local.global.utility2_npmtest_telegram_api = local;","        } else {","            module.exports = local;","            module.exports.__dirname = __dirname;","            module.exports.module = module;","        }","    }());","}());",""],"l":{"12":2,"14":2,"19":2,"21":2,"23":2,"24":2,"25":2,"30":1,"37":2,"41":2,"43":2,"45":2,"46":1,"48":1,"49":1,"50":1}},"/home/travis/build/npmtest/node-npmtest-telegram-api/example.js":{"path":"/home/travis/build/npmtest/node-npmtest-telegram-api/example.js","s":{"1":2,"2":2,"3":2,"4":2,"5":2,"6":2,"7":2,"8":1,"9":2,"10":2,"11":2,"12":2,"13":1,"14":2,"15":2,"16":2,"17":2,"18":2,"19":0,"20":2,"21":1,"22":1,"23":1,"24":1,"25":1,"26":0,"27":0,"28":1,"29":1,"30":2,"31":0,"32":0,"33":0,"34":1,"35":2,"36":2,"37":3,"38":3,"39":3,"40":3,"41":0,"42":3,"43":3,"44":3,"45":1,"46":3,"47":1,"48":1,"49":1,"50":1,"51":1,"52":1,"53":1,"54":1,"55":1,"56":1,"57":0,"58":1,"59":6,"60":6,"61":1,"62":2,"63":0,"64":2,"65":1,"66":1,"67":0,"68":0,"69":0,"70":0,"71":0,"72":0,"73":0,"74":0,"75":0,"76":0,"77":0,"78":0,"79":0,"80":0,"81":0,"82":0,"83":0},"b":{"1":[2,1,1,1],"2":[1,1,1,1],"3":[1,1],"4":[2,2],"5":[1,1],"6":[1,1],"7":[2,0],"8":[2,1,1,1,1,1],"9":[0,2,0],"10":[1,1],"11":[2,1,1],"12":[1,0],"13":[0,2],"14":[2,0,0,0,0,0,0],"15":[0,3],"16":[3,0],"17":[1,1],"18":[0,1],"19":[1,2,0,2],"20":[1,0],"21":[1,1],"22":[0,0],"23":[0,0],"24":[0,0],"25":[0,0],"26":[0,0],"27":[0,0],"28":[0,0]},"f":{"1":2,"2":2,"3":2,"4":2,"5":2,"6":2,"7":3,"8":3,"9":3,"10":1,"11":6,"12":0},"fnMap":{"1":{"name":"(anonymous_1)","line":26,"loc":{"start":{"line":26,"column":1},"end":{"line":26,"column":13}}},"2":{"name":"(anonymous_2)","line":33,"loc":{"start":{"line":33,"column":5},"end":{"line":33,"column":17}}},"3":{"name":"(anonymous_3)","line":37,"loc":{"start":{"line":37,"column":24},"end":{"line":37,"column":36}}},"4":{"name":"(anonymous_4)","line":69,"loc":{"start":{"line":69,"column":31},"end":{"line":69,"column":48}},"skip":true},"5":{"name":"(anonymous_5)","line":78,"loc":{"start":{"line":78,"column":26},"end":{"line":78,"column":45}},"skip":true},"6":{"name":"(anonymous_6)","line":123,"loc":{"start":{"line":123,"column":33},"end":{"line":123,"column":48}},"skip":true},"7":{"name":"(anonymous_7)","line":125,"loc":{"start":{"line":125,"column":27},"end":{"line":125,"column":39}},"skip":true},"8":{"name":"(anonymous_8)","line":133,"loc":{"start":{"line":133,"column":59},"end":{"line":133,"column":74}},"skip":true},"9":{"name":"(anonymous_9)","line":143,"loc":{"start":{"line":143,"column":45},"end":{"line":143,"column":62}},"skip":true},"10":{"name":"(anonymous_10)","line":144,"loc":{"start":{"line":144,"column":73},"end":{"line":144,"column":92}},"skip":true},"11":{"name":"(anonymous_11)","line":272,"loc":{"start":{"line":272,"column":51},"end":{"line":272,"column":77}},"skip":true},"12":{"name":"(anonymous_12)","line":315,"loc":{"start":{"line":315,"column":32},"end":{"line":315,"column":61}},"skip":true}},"statementMap":{"1":{"start":{"line":26,"column":0},"end":{"line":326,"column":5}},"2":{"start":{"line":28,"column":4},"end":{"line":28,"column":14}},"3":{"start":{"line":33,"column":4},"end":{"line":60,"column":9}},"4":{"start":{"line":35,"column":8},"end":{"line":35,"column":19}},"5":{"start":{"line":37,"column":8},"end":{"line":49,"column":13}},"6":{"start":{"line":38,"column":12},"end":{"line":48,"column":13}},"7":{"start":{"line":39,"column":16},"end":{"line":42,"column":30}},"8":{"start":{"line":44,"column":16},"end":{"line":47,"column":27}},"9":{"start":{"line":51,"column":8},"end":{"line":53,"column":21}},"10":{"start":{"line":55,"column":8},"end":{"line":57,"column":45}},"11":{"start":{"line":59,"column":8},"end":{"line":59,"column":35}},"12":{"start":{"line":61,"column":4},"end":{"line":325,"column":5}},"13":{"start":{"line":69,"column":8},"end":{"line":121,"column":10},"skip":true},"14":{"start":{"line":70,"column":12},"end":{"line":88,"column":13},"skip":true},"15":{"start":{"line":76,"column":16},"end":{"line":87,"column":19},"skip":true},"16":{"start":{"line":79,"column":20},"end":{"line":86,"column":21},"skip":true},"17":{"start":{"line":82,"column":24},"end":{"line":82,"column":43},"skip":true},"18":{"start":{"line":83,"column":24},"end":{"line":83,"column":30},"skip":true},"19":{"start":{"line":85,"column":24},"end":{"line":85,"column":49},"skip":true},"20":{"start":{"line":89,"column":12},"end":{"line":107,"column":13},"skip":true},"21":{"start":{"line":92,"column":16},"end":{"line":102,"column":17},"skip":true},"22":{"start":{"line":93,"column":20},"end":{"line":93,"column":86},"skip":true},"23":{"start":{"line":94,"column":20},"end":{"line":95,"column":45},"skip":true},"24":{"start":{"line":96,"column":20},"end":{"line":96,"column":42},"skip":true},"25":{"start":{"line":97,"column":20},"end":{"line":97,"column":48},"skip":true},"26":{"start":{"line":100,"column":20},"end":{"line":100,"column":85},"skip":true},"27":{"start":{"line":101,"column":20},"end":{"line":101,"column":96},"skip":true},"28":{"start":{"line":103,"column":16},"end":{"line":103,"column":22},"skip":true},"29":{"start":{"line":106,"column":16},"end":{"line":106,"column":22},"skip":true},"30":{"start":{"line":108,"column":12},"end":{"line":120,"column":13},"skip":true},"31":{"start":{"line":114,"column":16},"end":{"line":119,"column":17},"skip":true},"32":{"start":{"line":116,"column":20},"end":{"line":116,"column":78},"skip":true},"33":{"start":{"line":118,"column":20},"end":{"line":118,"column":47},"skip":true},"34":{"start":{"line":123,"column":8},"end":{"line":141,"column":11},"skip":true},"35":{"start":{"line":124,"column":12},"end":{"line":124,"column":54},"skip":true},"36":{"start":{"line":125,"column":12},"end":{"line":140,"column":14},"skip":true},"37":{"start":{"line":126,"column":16},"end":{"line":126,"column":28},"skip":true},"38":{"start":{"line":127,"column":16},"end":{"line":127,"column":69},"skip":true},"39":{"start":{"line":128,"column":16},"end":{"line":128,"column":75},"skip":true},"40":{"start":{"line":129,"column":16},"end":{"line":131,"column":17},"skip":true},"41":{"start":{"line":130,"column":20},"end":{"line":130,"column":27},"skip":true},"42":{"start":{"line":133,"column":16},"end":{"line":137,"column":36},"skip":true},"43":{"start":{"line":134,"column":20},"end":{"line":136,"column":55},"skip":true},"44":{"start":{"line":139,"column":16},"end":{"line":139,"column":57},"skip":true},"45":{"start":{"line":143,"column":8},"end":{"line":147,"column":11},"skip":true},"46":{"start":{"line":144,"column":12},"end":{"line":146,"column":15},"skip":true},"47":{"start":{"line":145,"column":16},"end":{"line":145,"column":70},"skip":true},"48":{"start":{"line":149,"column":8},"end":{"line":149,"column":31},"skip":true},"49":{"start":{"line":150,"column":8},"end":{"line":150,"column":14},"skip":true},"50":{"start":{"line":158,"column":8},"end":{"line":158,"column":31},"skip":true},"51":{"start":{"line":160,"column":8},"end":{"line":160,"column":33},"skip":true},"52":{"start":{"line":161,"column":8},"end":{"line":161,"column":37},"skip":true},"53":{"start":{"line":162,"column":8},"end":{"line":162,"column":35},"skip":true},"54":{"start":{"line":164,"column":8},"end":{"line":164,"column":50},"skip":true},"55":{"start":{"line":166,"column":8},"end":{"line":256,"column":2},"skip":true},"56":{"start":{"line":258,"column":8},"end":{"line":286,"column":9},"skip":true},"57":{"start":{"line":259,"column":12},"end":{"line":269,"column":14},"skip":true},"58":{"start":{"line":271,"column":12},"end":{"line":285,"column":19},"skip":true},"59":{"start":{"line":274,"column":20},"end":{"line":274,"column":35},"skip":true},"60":{"start":{"line":275,"column":20},"end":{"line":284,"column":21},"skip":true},"61":{"start":{"line":277,"column":24},"end":{"line":277,"column":64},"skip":true},"62":{"start":{"line":279,"column":24},"end":{"line":279,"column":40},"skip":true},"63":{"start":{"line":281,"column":24},"end":{"line":281,"column":40},"skip":true},"64":{"start":{"line":283,"column":24},"end":{"line":283,"column":39},"skip":true},"65":{"start":{"line":288,"column":8},"end":{"line":290,"column":9},"skip":true},"66":{"start":{"line":289,"column":12},"end":{"line":289,"column":18},"skip":true},"67":{"start":{"line":291,"column":8},"end":{"line":293,"column":54},"skip":true},"68":{"start":{"line":296,"column":8},"end":{"line":301,"column":37},"skip":true},"69":{"start":{"line":303,"column":8},"end":{"line":303,"column":82},"skip":true},"70":{"start":{"line":306,"column":8},"end":{"line":308,"column":9},"skip":true},"71":{"start":{"line":307,"column":12},"end":{"line":307,"column":82},"skip":true},"72":{"start":{"line":310,"column":8},"end":{"line":312,"column":9},"skip":true},"73":{"start":{"line":311,"column":12},"end":{"line":311,"column":18},"skip":true},"74":{"start":{"line":313,"column":8},"end":{"line":313,"column":54},"skip":true},"75":{"start":{"line":314,"column":8},"end":{"line":314,"column":69},"skip":true},"76":{"start":{"line":315,"column":8},"end":{"line":323,"column":36},"skip":true},"77":{"start":{"line":316,"column":12},"end":{"line":316,"column":61},"skip":true},"78":{"start":{"line":317,"column":12},"end":{"line":320,"column":13},"skip":true},"79":{"start":{"line":318,"column":16},"end":{"line":318,"column":75},"skip":true},"80":{"start":{"line":319,"column":16},"end":{"line":319,"column":23},"skip":true},"81":{"start":{"line":321,"column":12},"end":{"line":321,"column":38},"skip":true},"82":{"start":{"line":322,"column":12},"end":{"line":322,"column":27},"skip":true},"83":{"start":{"line":324,"column":8},"end":{"line":324,"column":14},"skip":true}},"branchMap":{"1":{"line":39,"type":"binary-expr","locations":[{"start":{"line":39,"column":23},"end":{"line":39,"column":62}},{"start":{"line":40,"column":20},"end":{"line":40,"column":70}},{"start":{"line":41,"column":20},"end":{"line":41,"column":71}},{"start":{"line":42,"column":20},"end":{"line":42,"column":29}}]},"2":{"line":44,"type":"binary-expr","locations":[{"start":{"line":44,"column":23},"end":{"line":44,"column":37}},{"start":{"line":45,"column":20},"end":{"line":45,"column":61}},{"start":{"line":46,"column":20},"end":{"line":46,"column":70}},{"start":{"line":47,"column":20},"end":{"line":47,"column":26}}]},"3":{"line":51,"type":"cond-expr","locations":[{"start":{"line":52,"column":14},"end":{"line":52,"column":20}},{"start":{"line":53,"column":14},"end":{"line":53,"column":20}}]},"4":{"line":55,"type":"binary-expr","locations":[{"start":{"line":55,"column":16},"end":{"line":55,"column":44}},{"start":{"line":55,"column":49},"end":{"line":57,"column":43}}]},"5":{"line":55,"type":"cond-expr","locations":[{"start":{"line":56,"column":14},"end":{"line":56,"column":56}},{"start":{"line":57,"column":14},"end":{"line":57,"column":43}}]},"6":{"line":61,"type":"switch","locations":[{"start":{"line":68,"column":4},"end":{"line":150,"column":14},"skip":true},{"start":{"line":156,"column":4},"end":{"line":324,"column":14},"skip":true}]},"7":{"line":70,"type":"if","locations":[{"start":{"line":70,"column":12},"end":{"line":70,"column":12},"skip":true},{"start":{"line":70,"column":12},"end":{"line":70,"column":12},"skip":true}]},"8":{"line":70,"type":"binary-expr","locations":[{"start":{"line":70,"column":16},"end":{"line":70,"column":22},"skip":true},{"start":{"line":70,"column":27},"end":{"line":70,"column":32},"skip":true},{"start":{"line":71,"column":20},"end":{"line":71,"column":39},"skip":true},{"start":{"line":72,"column":20},"end":{"line":72,"column":49},"skip":true},{"start":{"line":73,"column":20},"end":{"line":73,"column":58},"skip":true},{"start":{"line":74,"column":20},"end":{"line":74,"column":69},"skip":true}]},"9":{"line":79,"type":"switch","locations":[{"start":{"line":80,"column":20},"end":{"line":80,"column":33},"skip":true},{"start":{"line":81,"column":20},"end":{"line":83,"column":30},"skip":true},{"start":{"line":84,"column":20},"end":{"line":85,"column":49},"skip":true}]},"10":{"line":89,"type":"switch","locations":[{"start":{"line":90,"column":12},"end":{"line":103,"column":22},"skip":true},{"start":{"line":105,"column":12},"end":{"line":106,"column":22},"skip":true}]},"11":{"line":89,"type":"binary-expr","locations":[{"start":{"line":89,"column":20},"end":{"line":89,"column":25},"skip":true},{"start":{"line":89,"column":29},"end":{"line":89,"column":48},"skip":true},{"start":{"line":89,"column":52},"end":{"line":89,"column":74},"skip":true}]},"12":{"line":92,"type":"if","locations":[{"start":{"line":92,"column":16},"end":{"line":92,"column":16},"skip":true},{"start":{"line":92,"column":16},"end":{"line":92,"column":16},"skip":true}]},"13":{"line":108,"type":"if","locations":[{"start":{"line":108,"column":12},"end":{"line":108,"column":12},"skip":true},{"start":{"line":108,"column":12},"end":{"line":108,"column":12},"skip":true}]},"14":{"line":108,"type":"binary-expr","locations":[{"start":{"line":108,"column":16},"end":{"line":108,"column":61},"skip":true},{"start":{"line":108,"column":66},"end":{"line":108,"column":72},"skip":true},{"start":{"line":108,"column":77},"end":{"line":108,"column":82},"skip":true},{"start":{"line":109,"column":20},"end":{"line":109,"column":39},"skip":true},{"start":{"line":110,"column":20},"end":{"line":110,"column":49},"skip":true},{"start":{"line":111,"column":20},"end":{"line":111,"column":58},"skip":true},{"start":{"line":112,"column":20},"end":{"line":112,"column":68},"skip":true}]},"15":{"line":129,"type":"if","locations":[{"start":{"line":129,"column":16},"end":{"line":129,"column":16},"skip":true},{"start":{"line":129,"column":16},"end":{"line":129,"column":16},"skip":true}]},"16":{"line":134,"type":"cond-expr","locations":[{"start":{"line":135,"column":26},"end":{"line":135,"column":29},"skip":true},{"start":{"line":136,"column":26},"end":{"line":136,"column":54},"skip":true}]},"17":{"line":164,"type":"binary-expr","locations":[{"start":{"line":164,"column":27},"end":{"line":164,"column":43},"skip":true},{"start":{"line":164,"column":47},"end":{"line":164,"column":49},"skip":true}]},"18":{"line":258,"type":"if","locations":[{"start":{"line":258,"column":8},"end":{"line":258,"column":8},"skip":true},{"start":{"line":258,"column":8},"end":{"line":258,"column":8},"skip":true}]},"19":{"line":275,"type":"switch","locations":[{"start":{"line":276,"column":20},"end":{"line":277,"column":64},"skip":true},{"start":{"line":278,"column":20},"end":{"line":279,"column":40},"skip":true},{"start":{"line":280,"column":20},"end":{"line":281,"column":40},"skip":true},{"start":{"line":282,"column":20},"end":{"line":283,"column":39},"skip":true}]},"20":{"line":288,"type":"if","locations":[{"start":{"line":288,"column":8},"end":{"line":288,"column":8},"skip":true},{"start":{"line":288,"column":8},"end":{"line":288,"column":8},"skip":true}]},"21":{"line":288,"type":"binary-expr","locations":[{"start":{"line":288,"column":12},"end":{"line":288,"column":40},"skip":true},{"start":{"line":288,"column":44},"end":{"line":288,"column":67},"skip":true}]},"22":{"line":292,"type":"binary-expr","locations":[{"start":{"line":292,"column":12},"end":{"line":292,"column":50},"skip":true},{"start":{"line":293,"column":12},"end":{"line":293,"column":53},"skip":true}]},"23":{"line":297,"type":"binary-expr","locations":[{"start":{"line":297,"column":12},"end":{"line":297,"column":70},"skip":true},{"start":{"line":298,"column":12},"end":{"line":301,"column":36},"skip":true}]},"24":{"line":303,"type":"binary-expr","locations":[{"start":{"line":303,"column":43},"end":{"line":303,"column":75},"skip":true},{"start":{"line":303,"column":79},"end":{"line":303,"column":81},"skip":true}]},"25":{"line":306,"type":"if","locations":[{"start":{"line":306,"column":8},"end":{"line":306,"column":8},"skip":true},{"start":{"line":306,"column":8},"end":{"line":306,"column":8},"skip":true}]},"26":{"line":310,"type":"if","locations":[{"start":{"line":310,"column":8},"end":{"line":310,"column":8},"skip":true},{"start":{"line":310,"column":8},"end":{"line":310,"column":8},"skip":true}]},"27":{"line":313,"type":"binary-expr","locations":[{"start":{"line":313,"column":27},"end":{"line":313,"column":43},"skip":true},{"start":{"line":313,"column":47},"end":{"line":313,"column":53},"skip":true}]},"28":{"line":317,"type":"if","locations":[{"start":{"line":317,"column":12},"end":{"line":317,"column":12},"skip":true},{"start":{"line":317,"column":12},"end":{"line":317,"column":12},"skip":true}]}},"code":["/*","example.js","","quickstart example","","instruction","    1. save this script as example.js","    2. run the shell command:","        $ npm install npmtest-telegram-api && PORT=8081 node example.js","    3. play with the browser-demo on http://127.0.0.1:8081","*/","","","","/* istanbul instrument in package npmtest_telegram_api */","/*jslint","    bitwise: true,","    browser: true,","    maxerr: 8,","    maxlen: 96,","    node: true,","    nomen: true,","    regexp: true,","    stupid: true","*/","(function () {","    'use strict';","    var local;","","","","    // run shared js-env code - init-before","    (function () {","        // init local","        local = {};","        // init modeJs","        local.modeJs = (function () {","            try {","                return typeof navigator.userAgent === 'string' &&","                    typeof document.querySelector('body') === 'object' &&","                    typeof XMLHttpRequest.prototype.open === 'function' &&","                    'browser';","            } catch (errorCaughtBrowser) {","                return module.exports &&","                    typeof process.versions.node === 'string' &&","                    typeof require('http').createServer === 'function' &&","                    'node';","            }","        }());","        // init global","        local.global = local.modeJs === 'browser'","            ? window","            : global;","        // init utility2_rollup","        local = local.global.utility2_rollup || (local.modeJs === 'browser'","            ? local.global.utility2_npmtest_telegram_api","            : global.utility2_moduleExports);","        // export local","        local.global.local = local;","    }());","    switch (local.modeJs) {","","","","    // init-after","    // run browser js-env code - init-after","    /* istanbul ignore next */","    case 'browser':","        local.testRunBrowser = function (event) {","            if (!event || (event &&","                    event.currentTarget &&","                    event.currentTarget.className &&","                    event.currentTarget.className.includes &&","                    event.currentTarget.className.includes('onreset'))) {","                // reset output","                Array.from(","                    document.querySelectorAll('body > .resettable')","                ).forEach(function (element) {","                    switch (element.tagName) {","                    case 'INPUT':","                    case 'TEXTAREA':","                        element.value = '';","                        break;","                    default:","                        element.textContent = '';","                    }","                });","            }","            switch (event && event.currentTarget && event.currentTarget.id) {","            case 'testRunButton1':","                // show tests","                if (document.querySelector('#testReportDiv1').style.display === 'none') {","                    document.querySelector('#testReportDiv1').style.display = 'block';","                    document.querySelector('#testRunButton1').textContent =","                        'hide internal test';","                    local.modeTest = true;","                    local.testRunDefault(local);","                // hide tests","                } else {","                    document.querySelector('#testReportDiv1').style.display = 'none';","                    document.querySelector('#testRunButton1').textContent = 'run internal test';","                }","                break;","            // custom-case","            default:","                break;","            }","            if (document.querySelector('#inputTextareaEval1') && (!event || (event &&","                    event.currentTarget &&","                    event.currentTarget.className &&","                    event.currentTarget.className.includes &&","                    event.currentTarget.className.includes('oneval')))) {","                // try to eval input-code","                try {","                    /*jslint evil: true*/","                    eval(document.querySelector('#inputTextareaEval1').value);","                } catch (errorCaught) {","                    console.error(errorCaught);","                }","            }","        };","        // log stderr and stdout to #outputTextareaStdout1","        ['error', 'log'].forEach(function (key) {","            console[key + '_original'] = console[key];","            console[key] = function () {","                var element;","                console[key + '_original'].apply(console, arguments);","                element = document.querySelector('#outputTextareaStdout1');","                if (!element) {","                    return;","                }","                // append text to #outputTextareaStdout1","                element.value += Array.from(arguments).map(function (arg) {","                    return typeof arg === 'string'","                        ? arg","                        : JSON.stringify(arg, null, 4);","                }).join(' ') + '\\n';","                // scroll textarea to bottom","                element.scrollTop = element.scrollHeight;","            };","        });","        // init event-handling","        ['change', 'click', 'keyup'].forEach(function (event) {","            Array.from(document.querySelectorAll('.on' + event)).forEach(function (element) {","                element.addEventListener(event, local.testRunBrowser);","            });","        });","        // run tests","        local.testRunBrowser();","        break;","","","","    // run node js-env code - init-after","    /* istanbul ignore next */","    case 'node':","        // export local","        module.exports = local;","        // require modules","        local.fs = require('fs');","        local.http = require('http');","        local.url = require('url');","        // init assets","        local.assetsDict = local.assetsDict || {};","        /* jslint-ignore-begin */","        local.assetsDict['/assets.index.template.html'] = '\\","<!doctype html>\\n\\","<html lang=\"en\">\\n\\","<head>\\n\\","<meta charset=\"UTF-8\">\\n\\","<meta name=\"viewport\" content=\"width=device-width, initial-scale=1\">\\n\\","<title>{{env.npm_package_name}} (v{{env.npm_package_version}})</title>\\n\\","<style>\\n\\","/*csslint\\n\\","    box-sizing: false,\\n\\","    universal-selector: false\\n\\","*/\\n\\","* {\\n\\","    box-sizing: border-box;\\n\\","}\\n\\","body {\\n\\","    background: #dde;\\n\\","    font-family: Arial, Helvetica, sans-serif;\\n\\","    margin: 2rem;\\n\\","}\\n\\","body > * {\\n\\","    margin-bottom: 1rem;\\n\\","}\\n\\",".utility2FooterDiv {\\n\\","    margin-top: 20px;\\n\\","    text-align: center;\\n\\","}\\n\\","</style>\\n\\","<style>\\n\\","/*csslint\\n\\","*/\\n\\","textarea {\\n\\","    font-family: monospace;\\n\\","    height: 10rem;\\n\\","    width: 100%;\\n\\","}\\n\\","textarea[readonly] {\\n\\","    background: #ddd;\\n\\","}\\n\\","</style>\\n\\","</head>\\n\\","<body>\\n\\","<!-- utility2-comment\\n\\","<div id=\"ajaxProgressDiv1\" style=\"background: #d00; height: 2px; left: 0; margin: 0; padding: 0; position: fixed; top: 0; transition: background 0.5s, width 1.5s; width: 25%;\"></div>\\n\\","utility2-comment -->\\n\\","<h1>\\n\\","<!-- utility2-comment\\n\\","    <a\\n\\","        {{#if env.npm_package_homepage}}\\n\\","        href=\"{{env.npm_package_homepage}}\"\\n\\","        {{/if env.npm_package_homepage}}\\n\\","        target=\"_blank\"\\n\\","    >\\n\\","utility2-comment -->\\n\\","        {{env.npm_package_name}} (v{{env.npm_package_version}})\\n\\","<!-- utility2-comment\\n\\","    </a>\\n\\","utility2-comment -->\\n\\","</h1>\\n\\","<h3>{{env.npm_package_description}}</h3>\\n\\","<!-- utility2-comment\\n\\","<h4><a download href=\"assets.app.js\">download standalone app</a></h4>\\n\\","<button class=\"onclick onreset\" id=\"testRunButton1\">run internal test</button><br>\\n\\","<div id=\"testReportDiv1\" style=\"display: none;\"></div>\\n\\","utility2-comment -->\\n\\","\\n\\","\\n\\","\\n\\","<label>stderr and stdout</label>\\n\\","<textarea class=\"resettable\" id=\"outputTextareaStdout1\" readonly></textarea>\\n\\","<!-- utility2-comment\\n\\","{{#if isRollup}}\\n\\","<script src=\"assets.app.js\"></script>\\n\\","{{#unless isRollup}}\\n\\","utility2-comment -->\\n\\","<script src=\"assets.utility2.rollup.js\"></script>\\n\\","<script src=\"jsonp.utility2._stateInit?callback=window.utility2._stateInit\"></script>\\n\\","<script src=\"assets.npmtest_telegram_api.rollup.js\"></script>\\n\\","<script src=\"assets.example.js\"></script>\\n\\","<script src=\"assets.test.js\"></script>\\n\\","<!-- utility2-comment\\n\\","{{/if isRollup}}\\n\\","utility2-comment -->\\n\\","<div class=\"utility2FooterDiv\">\\n\\","    [ this app was created with\\n\\","    <a href=\"https://github.com/kaizhu256/node-utility2\" target=\"_blank\">utility2</a>\\n\\","    ]\\n\\","</div>\\n\\","</body>\\n\\","</html>\\n\\","';","        /* jslint-ignore-end */","        if (local.templateRender) {","            local.assetsDict['/'] = local.templateRender(","                local.assetsDict['/assets.index.template.html'],","                {","                    env: local.objectSetDefault(local.env, {","                        npm_package_description: 'the greatest app in the world!',","                        npm_package_name: 'my-app',","                        npm_package_nameAlias: 'my_app',","                        npm_package_version: '0.0.1'","                    })","                }","            );","        } else {","            local.assetsDict['/'] = local.assetsDict['/assets.index.template.html']","                .replace((/\\{\\{env\\.(\\w+?)\\}\\}/g), function (match0, match1) {","                    // jslint-hack","                    String(match0);","                    switch (match1) {","                    case 'npm_package_description':","                        return 'the greatest app in the world!';","                    case 'npm_package_name':","                        return 'my-app';","                    case 'npm_package_nameAlias':","                        return 'my_app';","                    case 'npm_package_version':","                        return '0.0.1';","                    }","                });","        }","        // run the cli","        if (local.global.utility2_rollup || module !== require.main) {","            break;","        }","        local.assetsDict['/assets.example.js'] =","            local.assetsDict['/assets.example.js'] ||","            local.fs.readFileSync(__filename, 'utf8');","        // bug-workaround - long $npm_package_buildCustomOrg","        /* jslint-ignore-begin */","        local.assetsDict['/assets.npmtest_telegram_api.rollup.js'] =","            local.assetsDict['/assets.npmtest_telegram_api.rollup.js'] ||","            local.fs.readFileSync(","                local.npmtest_telegram_api.__dirname + '/lib.npmtest_telegram_api.js',","                'utf8'","            ).replace((/^#!/), '//');","        /* jslint-ignore-end */","        local.assetsDict['/favicon.ico'] = local.assetsDict['/favicon.ico'] || '';","        // if $npm_config_timeout_exit exists,","        // then exit this process after $npm_config_timeout_exit ms","        if (Number(process.env.npm_config_timeout_exit)) {","            setTimeout(process.exit, Number(process.env.npm_config_timeout_exit));","        }","        // start server","        if (local.global.utility2_serverHttp1) {","            break;","        }","        process.env.PORT = process.env.PORT || '8081';","        console.error('server starting on port ' + process.env.PORT);","        local.http.createServer(function (request, response) {","            request.urlParsed = local.url.parse(request.url);","            if (local.assetsDict[request.urlParsed.pathname] !== undefined) {","                response.end(local.assetsDict[request.urlParsed.pathname]);","                return;","            }","            response.statusCode = 404;","            response.end();","        }).listen(process.env.PORT);","        break;","    }","}());",""],"l":{"26":2,"28":2,"33":2,"35":2,"37":2,"38":2,"39":2,"44":1,"51":2,"55":2,"59":2,"61":2,"69":1,"70":2,"76":2,"79":2,"82":2,"83":2,"85":1,"89":2,"92":1,"93":1,"94":1,"96":1,"97":1,"100":1,"101":1,"103":1,"106":1,"108":2,"114":1,"116":1,"118":1,"123":1,"124":2,"125":2,"126":3,"127":3,"128":3,"129":3,"130":1,"133":3,"134":3,"139":3,"143":1,"144":3,"145":1,"149":1,"150":1,"158":1,"160":1,"161":1,"162":1,"164":1,"166":1,"258":1,"259":1,"271":1,"274":6,"275":6,"277":1,"279":2,"281":1,"283":2,"288":1,"289":1,"291":1,"296":1,"303":1,"306":1,"307":1,"310":1,"311":1,"313":1,"314":1,"315":1,"316":1,"317":1,"318":1,"319":1,"321":1,"322":1,"324":1}},"/home/travis/build/npmtest/node-npmtest-telegram-api/node_modules/telegram-api/build/index.js":{"path":"/home/travis/build/npmtest/node-npmtest-telegram-api/node_modules/telegram-api/build/index.js","s":{"1":1,"2":1,"3":1,"4":1,"5":1,"6":6,"7":6,"8":6,"9":6,"10":6,"11":6,"12":1,"13":1,"14":1,"15":1,"16":0,"17":1,"18":1,"19":1,"20":1,"21":1,"22":1,"23":1,"24":1,"25":1,"26":1,"27":1,"28":1,"29":1,"30":1,"31":1,"32":1,"33":1,"34":1,"35":1,"36":1,"37":1,"38":1,"39":1,"40":10,"41":1,"42":0,"43":0,"44":1,"45":0,"46":0,"47":0,"48":1,"49":1,"50":0,"51":1,"52":1,"53":1,"54":1,"55":1,"56":1,"57":1,"58":1,"59":1,"60":1,"61":0,"62":0,"63":0,"64":0,"65":0,"66":0,"67":0,"68":0,"69":0,"70":0,"71":0,"72":0,"73":0,"74":1,"75":0,"76":0,"77":0,"78":0,"79":0,"80":0,"81":0,"82":0,"83":0,"84":0,"85":0,"86":0,"87":0,"88":0,"89":0,"90":0,"91":0,"92":0,"93":0,"94":0,"95":0,"96":0,"97":0,"98":0,"99":0,"100":0,"101":0,"102":0,"103":0,"104":0,"105":0,"106":0,"107":0,"108":0,"109":0,"110":0,"111":0,"112":0,"113":0,"114":0,"115":0,"116":0,"117":0,"118":0,"119":0,"120":0,"121":0,"122":0,"123":0,"124":0,"125":0,"126":0,"127":0,"128":0,"129":0,"130":0,"131":0,"132":1,"133":0,"134":0,"135":0,"136":0,"137":0,"138":0,"139":0,"140":0,"141":0,"142":0,"143":0,"144":0,"145":0,"146":0,"147":0,"148":0,"149":0,"150":0,"151":0,"152":0,"153":0,"154":0,"155":0,"156":0,"157":0,"158":0,"159":0,"160":0,"161":0,"162":0,"163":0,"164":0,"165":0,"166":0,"167":0,"168":0,"169":0,"170":0,"171":0,"172":0,"173":0,"174":0,"175":0,"176":0,"177":0,"178":0,"179":0,"180":0,"181":0,"182":0,"183":0,"184":0,"185":0,"186":1,"187":1,"188":1,"189":1,"190":1,"191":1,"192":1,"193":1},"b":{"1":[6,6],"2":[6,0],"3":[1,0],"4":[0,1],"5":[0,10],"6":[10,10],"7":[0,0],"8":[0,0],"9":[0,0],"10":[0,0,0],"11":[0,1],"12":[1,0],"13":[1,1],"14":[1,0],"15":[1,0],"16":[1,0],"17":[0,0],"18":[0,0],"19":[0,0],"20":[0,0],"21":[0,0],"22":[0,0],"23":[0,0],"24":[0,0],"25":[0,0],"26":[0,0],"27":[0,0],"28":[0,0,0],"29":[0,0],"30":[0,0],"31":[0,0],"32":[0,0],"33":[0,0],"34":[0,0],"35":[0,0],"36":[0,0,0,0,0,0,0,0,0,0,0],"37":[0,0,0],"38":[0,0],"39":[0,0],"40":[0,0],"41":[0,0],"42":[0,0]},"f":{"1":1,"2":1,"3":1,"4":10,"5":0,"6":0,"7":1,"8":1,"9":0,"10":0,"11":0,"12":0,"13":0,"14":0,"15":0,"16":0,"17":0,"18":0,"19":0,"20":0,"21":0,"22":0,"23":0,"24":0,"25":0},"fnMap":{"1":{"name":"(anonymous_1)","line":8,"loc":{"start":{"line":8,"column":19},"end":{"line":8,"column":31}}},"2":{"name":"defineProperties","line":8,"loc":{"start":{"line":8,"column":33},"end":{"line":8,"column":74}}},"3":{"name":"(anonymous_3)","line":8,"loc":{"start":{"line":8,"column":357},"end":{"line":8,"column":405}}},"4":{"name":"_interopRequireDefault","line":52,"loc":{"start":{"line":52,"column":0},"end":{"line":52,"column":37}}},"5":{"name":"_classCallCheck","line":54,"loc":{"start":{"line":54,"column":0},"end":{"line":54,"column":48}}},"6":{"name":"_possibleConstructorReturn","line":56,"loc":{"start":{"line":56,"column":0},"end":{"line":56,"column":48}}},"7":{"name":"_inherits","line":58,"loc":{"start":{"line":58,"column":0},"end":{"line":58,"column":41}}},"8":{"name":"(anonymous_8)","line":81,"loc":{"start":{"line":81,"column":10},"end":{"line":81,"column":35}}},"9":{"name":"Bot","line":88,"loc":{"start":{"line":88,"column":2},"end":{"line":88,"column":17}}},"10":{"name":"start","line":135,"loc":{"start":{"line":135,"column":11},"end":{"line":135,"column":32}}},"11":{"name":"(anonymous_11)","line":141,"loc":{"start":{"line":141,"column":35},"end":{"line":141,"column":55}}},"12":{"name":"get","line":167,"loc":{"start":{"line":167,"column":11},"end":{"line":167,"column":43}}},"13":{"name":"command","line":189,"loc":{"start":{"line":189,"column":11},"end":{"line":189,"column":48}}},"14":{"name":"send","line":211,"loc":{"start":{"line":211,"column":11},"end":{"line":211,"column":34}}},"15":{"name":"stop","line":221,"loc":{"start":{"line":221,"column":11},"end":{"line":221,"column":27}}},"16":{"name":"_update","line":241,"loc":{"start":{"line":241,"column":11},"end":{"line":241,"column":36}}},"17":{"name":"(anonymous_17)","line":252,"loc":{"start":{"line":252,"column":21},"end":{"line":252,"column":36}}},"18":{"name":"(anonymous_18)","line":270,"loc":{"start":{"line":270,"column":41},"end":{"line":270,"column":57}}},"19":{"name":"(anonymous_19)","line":291,"loc":{"start":{"line":291,"column":56},"end":{"line":291,"column":73}}},"20":{"name":"getAnswer","line":301,"loc":{"start":{"line":301,"column":8},"end":{"line":301,"column":29}}},"21":{"name":"getAnswer$","line":306,"loc":{"start":{"line":306,"column":41},"end":{"line":306,"column":72}}},"22":{"name":"_loop","line":314,"loc":{"start":{"line":314,"column":50},"end":{"line":314,"column":67}}},"23":{"name":"_loop$","line":316,"loc":{"start":{"line":316,"column":51},"end":{"line":316,"column":77}}},"24":{"name":"(anonymous_24)","line":323,"loc":{"start":{"line":323,"column":53},"end":{"line":323,"column":71}}},"25":{"name":"loop","line":392,"loc":{"start":{"line":392,"column":9},"end":{"line":392,"column":25}}}},"statementMap":{"1":{"start":{"line":3,"column":0},"end":{"line":5,"column":3}},"2":{"start":{"line":6,"column":0},"end":{"line":6,"column":121}},"3":{"start":{"line":8,"column":0},"end":{"line":8,"column":564}},"4":{"start":{"line":8,"column":33},"end":{"line":8,"column":349}},"5":{"start":{"line":8,"column":76},"end":{"line":8,"column":347}},"6":{"start":{"line":8,"column":117},"end":{"line":8,"column":143}},"7":{"start":{"line":8,"column":144},"end":{"line":8,"column":199}},"8":{"start":{"line":8,"column":200},"end":{"line":8,"column":231}},"9":{"start":{"line":8,"column":232},"end":{"line":8,"column":286}},"10":{"start":{"line":8,"column":259},"end":{"line":8,"column":286}},"11":{"start":{"line":8,"column":287},"end":{"line":8,"column":345}},"12":{"start":{"line":8,"column":350},"end":{"line":8,"column":559}},"13":{"start":{"line":8,"column":407},"end":{"line":8,"column":475}},"14":{"start":{"line":8,"column":423},"end":{"line":8,"column":475}},"15":{"start":{"line":8,"column":476},"end":{"line":8,"column":536}},"16":{"start":{"line":8,"column":493},"end":{"line":8,"column":536}},"17":{"start":{"line":8,"column":537},"end":{"line":8,"column":556}},"18":{"start":{"line":10,"column":0},"end":{"line":10,"column":38}},"19":{"start":{"line":12,"column":0},"end":{"line":12,"column":41}},"20":{"start":{"line":14,"column":0},"end":{"line":14,"column":46}},"21":{"start":{"line":16,"column":0},"end":{"line":16,"column":49}},"22":{"start":{"line":18,"column":0},"end":{"line":18,"column":40}},"23":{"start":{"line":20,"column":0},"end":{"line":20,"column":43}},"24":{"start":{"line":22,"column":0},"end":{"line":22,"column":61}},"25":{"start":{"line":24,"column":0},"end":{"line":24,"column":63}},"26":{"start":{"line":26,"column":0},"end":{"line":26,"column":32}},"27":{"start":{"line":28,"column":0},"end":{"line":28,"column":42}},"28":{"start":{"line":30,"column":0},"end":{"line":30,"column":49}},"29":{"start":{"line":32,"column":0},"end":{"line":32,"column":36}},"30":{"start":{"line":34,"column":0},"end":{"line":34,"column":43}},"31":{"start":{"line":36,"column":0},"end":{"line":36,"column":44}},"32":{"start":{"line":38,"column":0},"end":{"line":38,"column":51}},"33":{"start":{"line":40,"column":0},"end":{"line":40,"column":50}},"34":{"start":{"line":42,"column":0},"end":{"line":42,"column":57}},"35":{"start":{"line":44,"column":0},"end":{"line":44,"column":44}},"36":{"start":{"line":46,"column":0},"end":{"line":46,"column":51}},"37":{"start":{"line":48,"column":0},"end":{"line":48,"column":42}},"38":{"start":{"line":50,"column":0},"end":{"line":50,"column":49}},"39":{"start":{"line":52,"column":0},"end":{"line":52,"column":95}},"40":{"start":{"line":52,"column":39},"end":{"line":52,"column":93}},"41":{"start":{"line":54,"column":0},"end":{"line":54,"column":153}},"42":{"start":{"line":54,"column":50},"end":{"line":54,"column":151}},"43":{"start":{"line":54,"column":92},"end":{"line":54,"column":149}},"44":{"start":{"line":56,"column":0},"end":{"line":56,"column":240}},"45":{"start":{"line":56,"column":50},"end":{"line":56,"column":151}},"46":{"start":{"line":56,"column":63},"end":{"line":56,"column":149}},"47":{"start":{"line":56,"column":152},"end":{"line":56,"column":238}},"48":{"start":{"line":58,"column":0},"end":{"line":58,"column":494}},"49":{"start":{"line":58,"column":43},"end":{"line":58,"column":208}},"50":{"start":{"line":58,"column":106},"end":{"line":58,"column":206}},"51":{"start":{"line":58,"column":209},"end":{"line":58,"column":373}},"52":{"start":{"line":58,"column":374},"end":{"line":58,"column":492}},"53":{"start":{"line":58,"column":390},"end":{"line":58,"column":492}},"54":{"start":{"line":60,"column":0},"end":{"line":62,"column":1}},"55":{"start":{"line":61,"column":2},"end":{"line":61,"column":28}},"56":{"start":{"line":65,"column":0},"end":{"line":71,"column":2}},"57":{"start":{"line":73,"column":0},"end":{"line":73,"column":17}},"58":{"start":{"line":81,"column":0},"end":{"line":406,"column":24}},"59":{"start":{"line":82,"column":2},"end":{"line":82,"column":32}},"60":{"start":{"line":88,"column":2},"end":{"line":112,"column":3}},"61":{"start":{"line":89,"column":4},"end":{"line":89,"column":101}},"62":{"start":{"line":91,"column":4},"end":{"line":91,"column":31}},"63":{"start":{"line":93,"column":4},"end":{"line":93,"column":107}},"64":{"start":{"line":95,"column":4},"end":{"line":97,"column":5}},"65":{"start":{"line":96,"column":6},"end":{"line":96,"column":47}},"66":{"start":{"line":99,"column":4},"end":{"line":99,"column":32}},"67":{"start":{"line":100,"column":4},"end":{"line":100,"column":72}},"68":{"start":{"line":102,"column":4},"end":{"line":102,"column":47}},"69":{"start":{"line":104,"column":4},"end":{"line":104,"column":19}},"70":{"start":{"line":107,"column":4},"end":{"line":107,"column":23}},"71":{"start":{"line":108,"column":4},"end":{"line":108,"column":27}},"72":{"start":{"line":110,"column":4},"end":{"line":110,"column":31}},"73":{"start":{"line":111,"column":4},"end":{"line":111,"column":17}},"74":{"start":{"line":133,"column":2},"end":{"line":403,"column":6}},"75":{"start":{"line":136,"column":6},"end":{"line":136,"column":24}},"76":{"start":{"line":138,"column":6},"end":{"line":140,"column":7}},"77":{"start":{"line":139,"column":8},"end":{"line":139,"column":50}},"78":{"start":{"line":141,"column":6},"end":{"line":151,"column":9}},"79":{"start":{"line":142,"column":8},"end":{"line":142,"column":38}},"80":{"start":{"line":144,"column":8},"end":{"line":144,"column":44}},"81":{"start":{"line":146,"column":8},"end":{"line":148,"column":9}},"82":{"start":{"line":147,"column":10},"end":{"line":147,"column":54}},"83":{"start":{"line":150,"column":8},"end":{"line":150,"column":43}},"84":{"start":{"line":168,"column":6},"end":{"line":170,"column":7}},"85":{"start":{"line":169,"column":8},"end":{"line":169,"column":44}},"86":{"start":{"line":172,"column":6},"end":{"line":174,"column":9}},"87":{"start":{"line":176,"column":6},"end":{"line":176,"column":18}},"88":{"start":{"line":190,"column":6},"end":{"line":190,"column":27}},"89":{"start":{"line":192,"column":6},"end":{"line":192,"column":48}},"90":{"start":{"line":194,"column":6},"end":{"line":198,"column":9}},"91":{"start":{"line":200,"column":6},"end":{"line":200,"column":18}},"92":{"start":{"line":212,"column":6},"end":{"line":212,"column":53}},"93":{"start":{"line":222,"column":6},"end":{"line":222,"column":24}},"94":{"start":{"line":224,"column":6},"end":{"line":226,"column":7}},"95":{"start":{"line":225,"column":8},"end":{"line":225,"column":36}},"96":{"start":{"line":228,"column":6},"end":{"line":228,"column":50}},"97":{"start":{"line":229,"column":6},"end":{"line":229,"column":24}},"98":{"start":{"line":242,"column":6},"end":{"line":242,"column":24}},"99":{"start":{"line":244,"column":6},"end":{"line":247,"column":7}},"100":{"start":{"line":245,"column":8},"end":{"line":245,"column":59}},"101":{"start":{"line":246,"column":8},"end":{"line":246,"column":38}},"102":{"start":{"line":248,"column":6},"end":{"line":250,"column":7}},"103":{"start":{"line":249,"column":8},"end":{"line":249,"column":32}},"104":{"start":{"line":252,"column":6},"end":{"line":401,"column":9}},"105":{"start":{"line":253,"column":8},"end":{"line":253,"column":63}},"106":{"start":{"line":255,"column":8},"end":{"line":255,"column":72}},"107":{"start":{"line":256,"column":8},"end":{"line":256,"column":28}},"108":{"start":{"line":257,"column":8},"end":{"line":259,"column":9}},"109":{"start":{"line":258,"column":10},"end":{"line":258,"column":17}},"110":{"start":{"line":261,"column":8},"end":{"line":261,"column":54}},"111":{"start":{"line":263,"column":8},"end":{"line":268,"column":9}},"112":{"start":{"line":265,"column":10},"end":{"line":265,"column":66}},"113":{"start":{"line":266,"column":10},"end":{"line":266,"column":43}},"114":{"start":{"line":267,"column":10},"end":{"line":267,"column":26}},"115":{"start":{"line":270,"column":8},"end":{"line":273,"column":11}},"116":{"start":{"line":271,"column":10},"end":{"line":271,"column":37}},"117":{"start":{"line":272,"column":10},"end":{"line":272,"column":36}},"118":{"start":{"line":275,"column":8},"end":{"line":278,"column":9}},"119":{"start":{"line":276,"column":10},"end":{"line":276,"column":47}},"120":{"start":{"line":277,"column":10},"end":{"line":277,"column":17}},"121":{"start":{"line":280,"column":8},"end":{"line":283,"column":9}},"122":{"start":{"line":281,"column":10},"end":{"line":281,"column":27}},"123":{"start":{"line":282,"column":10},"end":{"line":282,"column":17}},"124":{"start":{"line":285,"column":8},"end":{"line":287,"column":34}},"125":{"start":{"line":289,"column":8},"end":{"line":289,"column":24}},"126":{"start":{"line":291,"column":8},"end":{"line":293,"column":11}},"127":{"start":{"line":292,"column":10},"end":{"line":292,"column":60}},"128":{"start":{"line":295,"column":8},"end":{"line":298,"column":9}},"129":{"start":{"line":296,"column":10},"end":{"line":296,"column":27}},"130":{"start":{"line":297,"column":10},"end":{"line":297,"column":17}},"131":{"start":{"line":300,"column":8},"end":{"line":300,"column":25}},"132":{"start":{"line":301,"column":8},"end":{"line":389,"column":9}},"133":{"start":{"line":302,"column":10},"end":{"line":302,"column":28}},"134":{"start":{"line":304,"column":10},"end":{"line":304,"column":100}},"135":{"start":{"line":306,"column":10},"end":{"line":388,"column":65}},"136":{"start":{"line":307,"column":12},"end":{"line":387,"column":13}},"137":{"start":{"line":308,"column":14},"end":{"line":386,"column":15}},"138":{"start":{"line":310,"column":18},"end":{"line":310,"column":51}},"139":{"start":{"line":311,"column":18},"end":{"line":311,"column":44}},"140":{"start":{"line":312,"column":18},"end":{"line":312,"column":45}},"141":{"start":{"line":313,"column":18},"end":{"line":313,"column":37}},"142":{"start":{"line":314,"column":18},"end":{"line":333,"column":21}},"143":{"start":{"line":315,"column":20},"end":{"line":315,"column":34}},"144":{"start":{"line":316,"column":20},"end":{"line":332,"column":38}},"145":{"start":{"line":317,"column":22},"end":{"line":331,"column":23}},"146":{"start":{"line":318,"column":24},"end":{"line":330,"column":25}},"147":{"start":{"line":320,"column":28},"end":{"line":320,"column":48}},"148":{"start":{"line":321,"column":28},"end":{"line":321,"column":106}},"149":{"start":{"line":322,"column":28},"end":{"line":322,"column":46}},"150":{"start":{"line":323,"column":28},"end":{"line":325,"column":31}},"151":{"start":{"line":324,"column":30},"end":{"line":324,"column":56}},"152":{"start":{"line":329,"column":28},"end":{"line":329,"column":51}},"153":{"start":{"line":334,"column":18},"end":{"line":334,"column":64}},"154":{"start":{"line":337,"column":18},"end":{"line":340,"column":19}},"155":{"start":{"line":338,"column":20},"end":{"line":338,"column":40}},"156":{"start":{"line":339,"column":20},"end":{"line":339,"column":26}},"157":{"start":{"line":342,"column":18},"end":{"line":342,"column":67}},"158":{"start":{"line":345,"column":18},"end":{"line":345,"column":51}},"159":{"start":{"line":346,"column":18},"end":{"line":346,"column":37}},"160":{"start":{"line":347,"column":18},"end":{"line":347,"column":24}},"161":{"start":{"line":350,"column":18},"end":{"line":350,"column":38}},"162":{"start":{"line":351,"column":18},"end":{"line":351,"column":24}},"163":{"start":{"line":354,"column":18},"end":{"line":354,"column":38}},"164":{"start":{"line":355,"column":18},"end":{"line":355,"column":55}},"165":{"start":{"line":356,"column":18},"end":{"line":356,"column":43}},"166":{"start":{"line":357,"column":18},"end":{"line":357,"column":48}},"167":{"start":{"line":360,"column":18},"end":{"line":360,"column":38}},"168":{"start":{"line":361,"column":18},"end":{"line":361,"column":38}},"169":{"start":{"line":363,"column":18},"end":{"line":365,"column":19}},"170":{"start":{"line":364,"column":20},"end":{"line":364,"column":39}},"171":{"start":{"line":368,"column":18},"end":{"line":368,"column":38}},"172":{"start":{"line":370,"column":18},"end":{"line":373,"column":19}},"173":{"start":{"line":371,"column":20},"end":{"line":371,"column":40}},"174":{"start":{"line":372,"column":20},"end":{"line":372,"column":26}},"175":{"start":{"line":375,"column":18},"end":{"line":375,"column":39}},"176":{"start":{"line":378,"column":18},"end":{"line":378,"column":46}},"177":{"start":{"line":381,"column":18},"end":{"line":381,"column":46}},"178":{"start":{"line":385,"column":18},"end":{"line":385,"column":42}},"179":{"start":{"line":391,"column":8},"end":{"line":391,"column":35}},"180":{"start":{"line":392,"column":8},"end":{"line":400,"column":13}},"181":{"start":{"line":393,"column":10},"end":{"line":393,"column":37}},"182":{"start":{"line":394,"column":10},"end":{"line":397,"column":11}},"183":{"start":{"line":395,"column":12},"end":{"line":395,"column":29}},"184":{"start":{"line":396,"column":12},"end":{"line":396,"column":19}},"185":{"start":{"line":399,"column":10},"end":{"line":399,"column":32}},"186":{"start":{"line":405,"column":2},"end":{"line":405,"column":13}},"187":{"start":{"line":408,"column":0},"end":{"line":408,"column":22}},"188":{"start":{"line":409,"column":0},"end":{"line":409,"column":30}},"189":{"start":{"line":410,"column":0},"end":{"line":410,"column":36}},"190":{"start":{"line":411,"column":0},"end":{"line":411,"column":44}},"191":{"start":{"line":412,"column":0},"end":{"line":412,"column":36}},"192":{"start":{"line":413,"column":0},"end":{"line":413,"column":38}},"193":{"start":{"line":414,"column":0},"end":{"line":414,"column":38}}},"branchMap":{"1":{"line":8,"type":"binary-expr","locations":[{"start":{"line":8,"column":168},"end":{"line":8,"column":189}},{"start":{"line":8,"column":193},"end":{"line":8,"column":198}}]},"2":{"line":8,"type":"if","locations":[{"start":{"line":8,"column":232},"end":{"line":8,"column":232}},{"start":{"line":8,"column":232},"end":{"line":8,"column":232}}]},"3":{"line":8,"type":"if","locations":[{"start":{"line":8,"column":407},"end":{"line":8,"column":407}},{"start":{"line":8,"column":407},"end":{"line":8,"column":407}}]},"4":{"line":8,"type":"if","locations":[{"start":{"line":8,"column":476},"end":{"line":8,"column":476}},{"start":{"line":8,"column":476},"end":{"line":8,"column":476}}]},"5":{"line":52,"type":"cond-expr","locations":[{"start":{"line":52,"column":70},"end":{"line":52,"column":73}},{"start":{"line":52,"column":76},"end":{"line":52,"column":92}}]},"6":{"line":52,"type":"binary-expr","locations":[{"start":{"line":52,"column":46},"end":{"line":52,"column":49}},{"start":{"line":52,"column":53},"end":{"line":52,"column":67}}]},"7":{"line":54,"type":"if","locations":[{"start":{"line":54,"column":50},"end":{"line":54,"column":50}},{"start":{"line":54,"column":50},"end":{"line":54,"column":50}}]},"8":{"line":56,"type":"if","locations":[{"start":{"line":56,"column":50},"end":{"line":56,"column":50}},{"start":{"line":56,"column":50},"end":{"line":56,"column":50}}]},"9":{"line":56,"type":"cond-expr","locations":[{"start":{"line":56,"column":226},"end":{"line":56,"column":230}},{"start":{"line":56,"column":233},"end":{"line":56,"column":237}}]},"10":{"line":56,"type":"binary-expr","locations":[{"start":{"line":56,"column":159},"end":{"line":56,"column":163}},{"start":{"line":56,"column":168},"end":{"line":56,"column":192}},{"start":{"line":56,"column":196},"end":{"line":56,"column":222}}]},"11":{"line":58,"type":"if","locations":[{"start":{"line":58,"column":43},"end":{"line":58,"column":43}},{"start":{"line":58,"column":43},"end":{"line":58,"column":43}}]},"12":{"line":58,"type":"binary-expr","locations":[{"start":{"line":58,"column":47},"end":{"line":58,"column":79}},{"start":{"line":58,"column":83},"end":{"line":58,"column":102}}]},"13":{"line":58,"type":"binary-expr","locations":[{"start":{"line":58,"column":244},"end":{"line":58,"column":254}},{"start":{"line":58,"column":258},"end":{"line":58,"column":278}}]},"14":{"line":58,"type":"if","locations":[{"start":{"line":58,"column":374},"end":{"line":58,"column":374}},{"start":{"line":58,"column":374},"end":{"line":58,"column":374}}]},"15":{"line":58,"type":"cond-expr","locations":[{"start":{"line":58,"column":414},"end":{"line":58,"column":457}},{"start":{"line":58,"column":460},"end":{"line":58,"column":491}}]},"16":{"line":60,"type":"if","locations":[{"start":{"line":60,"column":0},"end":{"line":60,"column":0}},{"start":{"line":60,"column":0},"end":{"line":60,"column":0}}]},"17":{"line":89,"type":"cond-expr","locations":[{"start":{"line":89,"column":71},"end":{"line":89,"column":83}},{"start":{"line":89,"column":86},"end":{"line":89,"column":100}}]},"18":{"line":89,"type":"binary-expr","locations":[{"start":{"line":89,"column":18},"end":{"line":89,"column":38}},{"start":{"line":89,"column":42},"end":{"line":89,"column":68}}]},"19":{"line":93,"type":"binary-expr","locations":[{"start":{"line":93,"column":50},"end":{"line":93,"column":63}},{"start":{"line":93,"column":67},"end":{"line":93,"column":93}}]},"20":{"line":95,"type":"if","locations":[{"start":{"line":95,"column":4},"end":{"line":95,"column":4}},{"start":{"line":95,"column":4},"end":{"line":95,"column":4}}]},"21":{"line":100,"type":"binary-expr","locations":[{"start":{"line":100,"column":33},"end":{"line":100,"column":47}},{"start":{"line":100,"column":51},"end":{"line":100,"column":53}}]},"22":{"line":138,"type":"if","locations":[{"start":{"line":138,"column":6},"end":{"line":138,"column":6}},{"start":{"line":138,"column":6},"end":{"line":138,"column":6}}]},"23":{"line":146,"type":"if","locations":[{"start":{"line":146,"column":8},"end":{"line":146,"column":8}},{"start":{"line":146,"column":8},"end":{"line":146,"column":8}}]},"24":{"line":168,"type":"if","locations":[{"start":{"line":168,"column":6},"end":{"line":168,"column":6}},{"start":{"line":168,"column":6},"end":{"line":168,"column":6}}]},"25":{"line":224,"type":"if","locations":[{"start":{"line":224,"column":6},"end":{"line":224,"column":6}},{"start":{"line":224,"column":6},"end":{"line":224,"column":6}}]},"26":{"line":244,"type":"if","locations":[{"start":{"line":244,"column":6},"end":{"line":244,"column":6}},{"start":{"line":244,"column":6},"end":{"line":244,"column":6}}]},"27":{"line":248,"type":"if","locations":[{"start":{"line":248,"column":6},"end":{"line":248,"column":6}},{"start":{"line":248,"column":6},"end":{"line":248,"column":6}}]},"28":{"line":255,"type":"binary-expr","locations":[{"start":{"line":255,"column":18},"end":{"line":255,"column":29}},{"start":{"line":255,"column":33},"end":{"line":255,"column":51}},{"start":{"line":255,"column":55},"end":{"line":255,"column":71}}]},"29":{"line":257,"type":"if","locations":[{"start":{"line":257,"column":8},"end":{"line":257,"column":8}},{"start":{"line":257,"column":8},"end":{"line":257,"column":8}}]},"30":{"line":263,"type":"if","locations":[{"start":{"line":263,"column":8},"end":{"line":263,"column":8}},{"start":{"line":263,"column":8},"end":{"line":263,"column":8}}]},"31":{"line":263,"type":"binary-expr","locations":[{"start":{"line":263,"column":12},"end":{"line":263,"column":32}},{"start":{"line":263,"column":36},"end":{"line":263,"column":67}}]},"32":{"line":275,"type":"if","locations":[{"start":{"line":275,"column":8},"end":{"line":275,"column":8}},{"start":{"line":275,"column":8},"end":{"line":275,"column":8}}]},"33":{"line":280,"type":"if","locations":[{"start":{"line":280,"column":8},"end":{"line":280,"column":8}},{"start":{"line":280,"column":8},"end":{"line":280,"column":8}}]},"34":{"line":292,"type":"binary-expr","locations":[{"start":{"line":292,"column":17},"end":{"line":292,"column":43}},{"start":{"line":292,"column":47},"end":{"line":292,"column":59}}]},"35":{"line":295,"type":"if","locations":[{"start":{"line":295,"column":8},"end":{"line":295,"column":8}},{"start":{"line":295,"column":8},"end":{"line":295,"column":8}}]},"36":{"line":308,"type":"switch","locations":[{"start":{"line":309,"column":16},"end":{"line":334,"column":64}},{"start":{"line":336,"column":16},"end":{"line":342,"column":67}},{"start":{"line":344,"column":16},"end":{"line":347,"column":24}},{"start":{"line":349,"column":16},"end":{"line":351,"column":24}},{"start":{"line":353,"column":16},"end":{"line":357,"column":48}},{"start":{"line":359,"column":16},"end":{"line":365,"column":19}},{"start":{"line":367,"column":16},"end":{"line":375,"column":39}},{"start":{"line":377,"column":16},"end":{"line":378,"column":46}},{"start":{"line":380,"column":16},"end":{"line":381,"column":46}},{"start":{"line":383,"column":16},"end":{"line":383,"column":24}},{"start":{"line":384,"column":16},"end":{"line":385,"column":42}}]},"37":{"line":318,"type":"switch","locations":[{"start":{"line":319,"column":26},"end":{"line":325,"column":31}},{"start":{"line":327,"column":26},"end":{"line":327,"column":33}},{"start":{"line":328,"column":26},"end":{"line":329,"column":51}}]},"38":{"line":337,"type":"if","locations":[{"start":{"line":337,"column":18},"end":{"line":337,"column":18}},{"start":{"line":337,"column":18},"end":{"line":337,"column":18}}]},"39":{"line":363,"type":"if","locations":[{"start":{"line":363,"column":18},"end":{"line":363,"column":18}},{"start":{"line":363,"column":18},"end":{"line":363,"column":18}}]},"40":{"line":363,"type":"binary-expr","locations":[{"start":{"line":363,"column":22},"end":{"line":363,"column":48}},{"start":{"line":363,"column":52},"end":{"line":363,"column":68}}]},"41":{"line":370,"type":"if","locations":[{"start":{"line":370,"column":18},"end":{"line":370,"column":18}},{"start":{"line":370,"column":18},"end":{"line":370,"column":18}}]},"42":{"line":394,"type":"if","locations":[{"start":{"line":394,"column":10},"end":{"line":394,"column":10}},{"start":{"line":394,"column":10},"end":{"line":394,"column":10}}]}},"code":["'use strict';","","Object.defineProperty(exports, \"__esModule\", {","  value: true","});","exports.Keyboard = exports.Question = exports.Forward = exports.BulkMessage = exports.Message = exports.File = undefined;","","var _createClass = function () { function defineProperties(target, props) { for (var i = 0; i < props.length; i++) { var descriptor = props[i]; descriptor.enumerable = descriptor.enumerable || false; descriptor.configurable = true; if (\"value\" in descriptor) descriptor.writable = true; Object.defineProperty(target, descriptor.key, descriptor); } } return function (Constructor, protoProps, staticProps) { if (protoProps) defineProperties(Constructor.prototype, protoProps); if (staticProps) defineProperties(Constructor, staticProps); return Constructor; }; }();","","var _api = require('./functions/api');","","var _api2 = _interopRequireDefault(_api);","","var _webhook = require('./functions/webhook');","","var _webhook2 = _interopRequireDefault(_webhook);","","var _poll = require('./functions/poll');","","var _poll2 = _interopRequireDefault(_poll);","","var _argumentParser = require('./functions/argument-parser');","","var _argumentParser2 = _interopRequireDefault(_argumentParser);","","var _events = require('events');","","var _Message = require('./types/Message');","","var _Message2 = _interopRequireDefault(_Message);","","var _File = require('./types/File');","","var _File2 = _interopRequireDefault(_File);","","var _Keyboard = require('./types/Keyboard');","","var _Keyboard2 = _interopRequireDefault(_Keyboard);","","var _BulkMessage = require('./types/BulkMessage');","","var _BulkMessage2 = _interopRequireDefault(_BulkMessage);","","var _Question = require('./types/Question');","","var _Question2 = _interopRequireDefault(_Question);","","var _Forward = require('./types/Forward');","","var _Forward2 = _interopRequireDefault(_Forward);","","function _interopRequireDefault(obj) { return obj && obj.__esModule ? obj : { default: obj }; }","","function _classCallCheck(instance, Constructor) { if (!(instance instanceof Constructor)) { throw new TypeError(\"Cannot call a class as a function\"); } }","","function _possibleConstructorReturn(self, call) { if (!self) { throw new ReferenceError(\"this hasn't been initialised - super() hasn't been called\"); } return call && (typeof call === \"object\" || typeof call === \"function\") ? call : self; }","","function _inherits(subClass, superClass) { if (typeof superClass !== \"function\" && superClass !== null) { throw new TypeError(\"Super expression must either be null or a function, not \" + typeof superClass); } subClass.prototype = Object.create(superClass && superClass.prototype, { constructor: { value: subClass, enumerable: false, writable: true, configurable: true } }); if (superClass) Object.setPrototypeOf ? Object.setPrototypeOf(subClass, superClass) : subClass.__proto__ = superClass; }","","if (!global._babelPolyfill) {","  require('babel-polyfill');","}","","","var DEFAULTS = {","  update: {","    offset: 0,","    timeout: 20,","    limit: 100","  }","};","","var REQUIRED
[...]
e value of force_keyboard, defaults to true","     * @return {object} returns the keyboard object","     */","","  }, {","    key: 'oneTime',","    value: function oneTime() {","      var enable = arguments.length > 0 && arguments[0] !== undefined ? arguments[0] : true;","","      this.properties.one_time_keyboard = enable;","      return this;","    }","","    /**","     * Set selective property of reply_markup","     * @param  {boolean} enable value of force_keyboard, defaults to true","     * @return {object} returns the keyboard object","     */","","  }, {","    key: 'selective',","    value: function selective() {","      var enable = arguments.length > 0 && arguments[0] !== undefined ? arguments[0] : true;","","      this.properties.selective = enable;","      return this;","    }","","    /**","     * Set hide_keyboard property of reply_markup to true","     * @return {object} returns the keyboard object","     */","","  }, {","    key: 'hide',","    value: function hide() {","      this.properties = {","        hide_keyboard: true","      };","","      return this;","    }","  }]);","","  return Keyboard;","}(_Base3.default);","","exports.default = Keyboard;","module.exports = exports['default'];",""],"l":{"3":1,"7":6,"9":1,"11":1,"13":1,"15":1,"17":1,"19":1,"25":1,"26":1,"34":1,"35":0,"37":0,"39":0,"41":0,"42":0,"55":1,"58":0,"59":0,"60":0,"72":0,"74":0,"75":0,"87":0,"89":0,"90":0,"102":0,"104":0,"105":0,"117":0,"119":0,"120":0,"131":0,"135":0,"139":1,"142":1,"143":1}},"/home/travis/build/npmtest/node-npmtest-telegram-api/node_modules/telegram-api/types/Question.js":{"path":"/home/travis/build/npmtest/node-npmtest-telegram-api/node_modules/telegram-api/types/Question.js","s":{"1":1,"2":1,"3":1,"4":1,"5":2,"6":2,"7":2,"8":2,"9":2,"10":2,"11":1,"12":1,"13":1,"14":1,"15":0,"16":1,"17":1,"18":0,"19":0,"20":0,"21":0,"22":0,"23":0,"24":0,"25":0,"26":0,"27":0,"28":0,"29":0,"30":0,"31":0,"32":1,"33":1,"34":1,"35":1,"36":1,"37":2,"38":1,"39":0,"40":0,"41":1,"42":0,"43":0,"44":0,"45":1,"46":1,"47":0,"48":1,"49":1,"50":1,"51":1,"52":1,"53":1,"54":0,"55":0,"56":0,"57":0,"58":0,"59":0,"60":0,"61":1,"62":0,"63":0,"64":0,"65":0,"66":0,"67":0,"68":0,"69":0,"70":0,"71":0,"72":0,"73":0,"74":0,"75":0,"76":0,"77":0,"78":0,"79":1,"80":1,"81":1},"b":{"1":[2,2],"2":[2,0],"3":[1,0],"4":[0,1],"5":[0,0],"6":[0,0],"7":[0,0],"8":[0,0],"9":[0,0],"10":[0,2],"11":[2,2],"12":[0,0],"13":[0,0],"14":[0,0],"15":[0,0,0],"16":[0,1],"17":[1,0],"18":[1,1],"19":[1,0],"20":[1,0],"21":[0,0],"22":[0,0],"23":[0,0],"24":[0,0],"25":[0,0],"26":[0,0],"27":[0,0]},"f":{"1":1,"2":1,"3":1,"4":0,"5":2,"6":0,"7":0,"8":1,"9":1,"10":0,"11":0,"12":0,"13":0,"14":0},"fnMap":{"1":{"name":"(anonymous_1)","line":7,"loc":{"start":{"line":7,"column":19},"end":{"line":7,"column":31}}},"2":{"name":"defineProperties","line":7,"loc":{"start":{"line":7,"column":33},"end":{"line":7,"column":74}}},"3":{"name":"(anonymous_3)","line":7,"loc":{"start":{"line":7,"column":357},"end":{"line":7,"column":405}}},"4":{"name":"get","line":9,"loc":{"start":{"line":9,"column":11},"end":{"line":9,"column":52}}},"5":{"name":"_interopRequireDefault","line":19,"loc":{"start":{"line":19,"column":0},"end":{"line":19,"column":37}}},"6":{"name":"_classCallCheck","line":21,"loc":{"start":{"line":21,"column":0},"end":{"line":21,"column":48}}},"7":{"name":"_possibleConstructorReturn","line":23,"loc":{"start":{"line":23,"column":0},"end":{"line":23,"column":48}}},"8":{"name":"_inherits","line":25,"loc":{"start":{"line":25,"column":0},"end":{"line":25,"column":41}}},"9":{"name":"(anonymous_9)","line":32,"loc":{"start":{"line":32,"column":15},"end":{"line":32,"column":35}}},"10":{"name":"Question","line":40,"loc":{"start":{"line":40,"column":2},"end":{"line":40,"column":22}}},"11":{"name":"answers","line":64,"loc":{"start":{"line":64,"column":11},"end":{"line":64,"column":38}}},"12":{"name":"send","line":82,"loc":{"start":{"line":82,"column":11},"end":{"line":82,"column":30}}},"13":{"name":"(anonymous_13)","line":87,"loc":{"start":{"line":87,"column":128},"end":{"line":87,"column":147}}},"14":{"name":"find","line":90,"loc":{"start":{"line":90,"column":24},"end":{"line":90,"column":41}}}},"statementMap":{"1":{"start":{"line":3,"column":0},"end":{"line":5,"column":3}},"2":{"start":{"line":7,"column":0},"end":{"line":7,"column":564}},"3":{"start":{"line":7,"column":33},"end":{"line":7,"column":349}},"4":{"start":{"line":7,"column":76},"end":{"line":7,"column":347}},"5":{"start":{"line":7,"column":117},"end":{"line":7,"column":143}},"6":{"start":{"line":7,"column":144},"end":{"line":7,"column":199}},"7":{"start":{"line":7,"column":200},"end":{"line":7,"column":231}},"8":{"start":{"line":7,"column":232},"end":{"line":7,"column":286}},"9":{"start":{"line":7,"column":259},"end":{"line":7,"column":286}},"10":{"start":{"line":7,"column":287},"end":{"line":7,"column":345}},"11":{"start":{"line":7,"column":350},"end":{"line":7,"column":559}},"12":{"start":{"line":7,"column":407},"end":{"line":7,"column":475}},"13":{"start":{"line":7,"column":423},"end":{"line":7,"column":475}},"14":{"start":{"line":7,"column":476},"end":{"line":7,"column":536}},"15":{"start":{"line":7,"column":493},"end":{"line":7,"column":536}},"16":{"start":{"line":7,"column":537},"end":{"line":7,"column":556}},"17":{"start":{"line":9,"column":0},"end":{"line":9,"column":491}},"18":{"start":{"line":9,"column":54},"end":{"line":9,"column":103}},"19":{"start":{"line":9,"column":75},"end":{"line":9,"column":103}},"20":{"start":{"line":9,"column":104},"end":{"line":9,"column":165}},"21":{"start":{"line":9,"column":166},"end":{"line":9,"column":488}},"22":{"start":{"line":9,"column":192},"end":{"line":9,"column":235}},"23":{"start":{"line":9,"column":236},"end":{"line":9,"column":327}},"24":{"start":{"line":9,"column":259},"end":{"line":9,"column":276}},"25":{"start":{"line":9,"column":286},"end":{"line":9,"column":325}},"26":{"start":{"line":9,"column":335},"end":{"line":9,"column":488}},"27":{"start":{"line":9,"column":358},"end":{"line":9,"column":376}},"28":{"start":{"line":9,"column":386},"end":{"line":9,"column":408}},"29":{"start":{"line":9,"column":409},"end":{"line":9,"column":456}},"30":{"start":{"line":9,"column":437},"end":{"line":9,"column":454}},"31":{"start":{"line":9,"column":457},"end":{"line":9,"column":486}},"32":{"start":{"line":11,"column":0},"end":{"line":11,"column":37}},"33":{"start":{"line":13,"column":0},"end":{"line":13,"column":50}},"34":{"start":{"line":15,"column":0},"end":{"line":15,"column":38}},"35":{"start":{"line":17,"column":0},"end":{"line":17,"column":51}},"36":{"start":{"line":19,"column":0},"end":{"line":19,"column":95}},"37":{"start":{"line":19,"column":39},"end":{"line":19,"column":93}},"38":{"start":{"line":21,"column":0},"end":{"line":21,"column":153}},"39":{"start":{"line":21,"column":50},"end":{"line":21,"column":151}},"40":{"start":{"line":21,"column":92},"end":{"line":21,"column":149}},"41":{"start":{"line":23,"column":0},"end":{"line":23,"column":240}},"42":{"start":{"line":23,"column":50},"end":{"line":23,"column":151}},"43":{"start":{"line":23,"column":63},"end":{"line":23,"column":149}},"44":{"start":{"line":23,"column":152},"end":{"line":23,"column":238}},"45":{"start":{"line":25,"column":0},"end":{"line":25,"column":494}},"46":{"start":{"line":25,"column":43},"end":{"line":25,"column":208}},"47":{"start":{"line":25,"column":106},"end":{"line":25,"column":206}},"48":{"start":{"line":25,"column":209},"end":{"line":25,"column":373}},"49":{"start":{"line":25,"column":374},"end":{"line":25,"column":492}},"50":{"start":{"line":25,"column":390},"end":{"line":25,"column":492}},"51":{"start":{"line":32,"column":0},"end":{"line":111,"column":21}},"52":{"start":{"line":33,"column":2},"end":{"line":33,"column":32}},"53":{"start":{"line":40,"column":2},"end":{"line":52,"column":3}},"54":{"start":{"line":41,"column":4},"end":{"line":41,"column":89}},"55":{"start":{"line":43,"column":4},"end":{"line":43,"column":36}},"56":{"start":{"line":45,"column":4},"end":{"line":45,"column":126}},"57":{"start":{"line":47,"column":4},"end":{"line":47,"column":68}},"58":{"start":{"line":48,"column":4},"end":{"line":48,"column":23}},"59":{"start":{"line":50,"column":4},"end":{"line":50,"column":35}},"60":{"start":{"line":51,"column":4},"end":{"line":51,"column":17}},"61":{"start":{"line":62,"column":2},"end":{"line":108,"column":6}},"62":{"start":{"line":65,"column":6},"end":{"line":65,"column":31}},"63":{"start":{"line":66,"column":6},"end":{"line":66,"column":36}},"64":{"start":{"line":67,"column":6},"end":{"line":67,"column":18}},"65":{"start":{"line":83,"column":6},"end":{"line":83,"column":24}},"66":{"start":{"line":85,"column":6},"end":{"line":85,"column":34}},"67":{"start":{"line":87,"column":6},"end":{"line":106,"column":9}},"68":{"start":{"line":88,"column":8},"end":{"line":88,"column":28}},"69":{"start":{"line":90,"column":8},"end":{"line":97,"column":11}},"70":{"start":{"line":91,"column":10},"end":{"line":93,"column":11}},"71":{"start":{"line":92,"column":12},"end":{"line":92,"column":28}},"72":{"start":{"line":94,"column":10},"end":{"line":96,"column":11}},"73":{"start":{"line":95,"column":12},"end":{"line":95,"column":23}},"74":{"start":{"line":99,"column":8},"end":{"line":102,"column":9}},"75":{"start":{"line":100,"column":10},"end":{"line":100,"column":58}},"76":{"start":{"line":101,"column":10},"end":{"line":101,"column":25}},"77":{"start":{"line":104,"column":8},"end":{"line":104,"column":49}},"78":{"start":{"line":105,"column":8},"end":{"line":105,"column":22}},"79":{"start":{"line":110,"column":2},"end":{"line":110,"column":18}},"80":{"start":{"line":113,"column":0},"end":{"line":113,"column":27}},"81":{"start":{"line":114,"column":0},"end":{"line":114,"column":36}}},"branchMap":{"1":{"line":7,"type":"binary-expr","locations":[{"start":{"line":7,"column":168},"end":{"line":7,"column":189}},{"start":{"line":7,"column":193},"end":{"line":7,"column":198}}]},"2":{"line":7,"type":"if","locations":[{"start":{"line":7,"column":232},"end":{"line":7,"column":232}},{"start":{"line":7,"column":232},"end":{"line":7,"column":232}}]},"3":{"line":7,"type":"if","locations":[{"start":{"line":7,"column":407},"end":{"line":7,"column":407}},{"start":{"line":7,"column":407},"end":{"line":7,"column":407}}]},"4":{"line":7,"type":"if","locations":[{"start":{"line":7,"column":476},"end":{"line":7,"column":476}},{"start":{"line":7,"column":476},"end":{"line":7,"column":476}}]},"5":{"line":9,"type":"if","locations":[{"start":{"line":9,"column":54},"end":{"line":9,"column":54}},{"start":{"line":9,"column":54},"end":{"line":9,"column":54}}]},"6":{"line":9,"type":"if","locations":[{"start":{"line":9,"column":166},"end":{"line":9,"column":166}},{"start":{"line":9,"column":166},"end":{"line":9,"column":166}}]},"7":{"line":9,"type":"if","locations":[{"start":{"line":9,"column":236},"end":{"line":9,"column":236}},{"start":{"line":9,"column":236},"end":{"line":9,"column":236}}]},"8":{"line":9,"type":"if","locations":[{"start":{"line":9,"column":335},"end":{"line":9,"column":335}},{"start":{"line":9,"column":335},"end":{"line":9,"column":335}}]},"9":{"line":9,"type":"if","locations":[{"start":{"line":9,"column":409},"end":{"line":9,"column":409}},{"start":{"line":9,"column":409},"end":{"line":9,"column":409}}]},"10":{"line":19,"type":"cond-expr","locations":[{"start":{"line":19,"column":70},"end":{"line":19,"column":73}},{"start":{"line":19,"column":76},"end":{"line":19,"column":92}}]},"11":{"line":19,"type":"binary-expr","locations":[{"start":{"line":19,"column":46},"end":{"line":19,"column":49}},{"start":{"line":19,"column":53},"end":{"line":19,"column":67}}]},"12":{"line":21,"type":"if","locations":[{"start":{"line":21,"column":50},"end":{"line":21,"column":50}},{"start":{"line":21,"column":50},"end":{"line":21,"column":50}}]},"13":{"line":23,"type":"if","locations":[{"start":{"line":23,"column":50},"end":{"line":23,"column":50}},{"start":{"line":23,"column":50},"end":{"line":23,"column":50}}]},"14":{"line":23,"type":"cond-expr","locations":[{"start":{"line":23,"column":226},"end":{"line":23,"column":230}},{"start":{"line":23,"column":233},"end":{"line":23,"column":237}}]},"15":{"line":23,"type":"binary-expr","locations":[{"start":{"line":23,"column":159},"end":{"line":23,"column":163}},{"start":{"line":23,"column":168},"end":{"line":23,"column":192}},{"start":{"line":23,"column":196},"end":{"line":23,"column":222}}]},"16":{"line":25,"type":"if","locations":[{"start":{"line":25,"column":43},"end":{"line":25,"column":43}},{"start":{"line":25,"column":43},"end":{"line":25,"column":43}}]},"17":{"line":25,"type":"binary-expr","locations":[{"start":{"line":25,"column":47},"end":{"line":25,"column":79}},{"start":{"line":25,"column":83},"end":{"line":25,"column":102}}]},"18":{"line":25,"type":"binary-expr","locations":[{"start":{"line":25,"column":244},"end":{"line":25,"column":254}},{"start":{"line":25,"column":258},"end":{"line":25,"column":278}}]},"19":{"line":25,"type":"if","locations":[{"start":{"line":25,"column":374},"end":{"line":25,"column":374}},{"start":{"line":25,"column":374},"end":{"line":25,"column":374}}]},"20":{"line":25,"type":"cond-expr","locations":[{"start":{"line":25,"column":414},"end":{"line":25,"column":457}},{"start":{"line":25,"column":460},"end":{"line":25,"column":491}}]},"21":{"line":41,"type":"cond-expr","locations":[{"start":{"line":41,"column":71},"end":{"line":41,"column":83}},{"start":{"line":41,"column":86},"end":{"line":41,"column":88}}]},"22":{"line":41,"type":"binary-expr","locations":[{"start":{"line":41,"column":18},"end":{"line":41,"column":38}},{"start":{"line":41,"column":42},"end":{"line":41,"column":68}}]},"23":{"line":45,"type":"binary-expr","locations":[{"start":{"line":45,"column":50},"end":{"line":45,"column":68}},{"start":{"line":45,"column":72},"end":{"line":45,"column":103}}]},"24":{"line":87,"type":"binary-expr","locations":[{"start":{"line":87,"column":18},"end":{"line":87,"column":46}},{"start":{"line":87,"column":50},"end":{"line":87,"column":91}}]},"25":{"line":91,"type":"if","locations":[{"start":{"line":91,"column":10},"end":{"line":91,"column":10}},{"start":{"line":91,"column":10},"end":{"line":91,"column":10}}]},"26":{"line":94,"type":"if","locations":[{"start":{"line":94,"column":10},"end":{"line":94,"column":10}},{"start":{"line":94,"column":10},"end":{"line":94,"column":10}}]},"27":{"line":99,"type":"if","locations":[{"start":{"line":99,"column":8},"end":{"line":99,"column":8}},{"start":{"line":99,"column":8},"end":{"line":99,"column":8}}]}},"code":["'use strict';","","Object.defineProperty(exports, \"__esModule\", {","  value: true","});","","var _createClass = function () { function defineProperties(target, props) { for (var i = 0; i < props.length; i++) { var descriptor = props[i]; descriptor.enumerable = descriptor.enumerable || false; descriptor.configurable = true; if (\"value\" in descriptor) descriptor.writable = true; Object.defineProperty(target, descriptor.key, descriptor); } } return function (Constructor, protoProps, staticProps) { if (protoProps) defineProperties(Constructor.prototype, protoProps); if (staticProps) defineProperties(Constructor, staticProps); return Constructor; }; }();","","var _get = function get(object, property, receiver) { if (object === null) object = Function.prototype; var desc = Object.getOwnPropertyDescriptor(object, property); if (desc === undefined) { var parent = Object.getPrototypeOf(object); if (parent === null) { return undefined; } else { return get(parent, property, receiver); } } else if (\"value\" in desc) { return desc.value; } else { var getter = desc.get; if (getter === undefined) { return undefined; } return getter.call(receiver); } };","","var _Message2 = require('./Message');","","var _Message3 = _interopRequireDefault(_Message2);","","var _Keyboard = require('./Keyboard');","","var _Keyboard2 = _interopRequireDefault(_Keyboard);","","function _interopRequireDefault(obj) { return obj && obj.__esModule ? obj : { default: obj }; }","","function _classCallCheck(instance, Constructor) { if (!(instance instanceof Constructor)) { throw new TypeError(\"Cannot call a class as a function\"); } }","","function _possibleConstructorReturn(self, call) { if (!self) { throw new ReferenceError(\"this hasn't been initialised - super() hasn't been called\"); } return call && (typeof call === \"object\" || typeof call === \"function\") ? call : self; }","","function _inherits(subClass, superClass) { if (typeof superClass !== \"function\" && superClass !== null) { throw new TypeError(\"Super expression must either be null or a function, not \" + typeof superClass); } subClass.prototype = Object.create(superClass && superClass.prototype, { constructor: { value: subClass, enumerable: false, writable: true, configurable: true } }); if (superClass) Object.setPrototypeOf ? Object.setPrototypeOf(subClass, superClass) : subClass.__proto__ = superClass; }","","/**"," * Question class, extends Message"," * Sends a message, shows a keyboard with the answers provided, and validates"," * the answer"," */","var Question = function (_Message) {","  _inherits(Question, _Message);","","  /**","   * Create a new question","   * @param  {object} options Options, same as Message, plus `answers` which","   *                          is a keyboard layout, see Keyboard#keys","   */","  function Question() {","    var options = arguments.length > 0 && arguments[0] !== undefined ? arguments[0] : {};","","    _classCallCheck(this, Question);","","    var _this = _possibleConstructorReturn(this, (Question.__proto__ || Object.getPrototypeOf(Question)).call(this, options));","","    var kb = new _Keyboard2.default().force().oneTime().selective();","    _this.keyboard(kb);","","    _this.answers(options.answers);","    return _this;","  }","","  /**","   * Sets answers of the question. This is passed to Keyboard#keys, and then","   * used to validate the answer given","   * @param  {array} answers Array of arrays of strings, same as Keyboard#keys","   * @return {object} returns the question object","   */","","","  _createClass(Question, [{","    key: 'answers',","    value: function answers(_answers) {","      this._answers = _answers;","      this._keyboard.keys(_answers);","      return this;","    }","","    /**","     * Sends the question (same as Message#send), and validates the answer given","     * if the answer is one of the defined answers, resolves, else rejects","     * You should not manually use this method unless you're extending this class","     * You should instead use bot.send(question);","     * @param  {object} bot","     * @return {promise} A promise which is resolved in case of valid answer, and","     *                     rejected in case of invalid answer","     */","","  }, {","    key: 'send',","    value: function send(bot) {","      var _this2 = this;","","      var answers = this._answers;","","      return _get(Question.prototype.__proto__ || Object.getPrototypeOf(Question.prototype), 'send', this).call(this, bot).then(function (message) {","        var answer = void 0;","","        answers.forEach(function find(a) {","          if (Array.isArray(a)) {","            a.forEach(find);","          }","          if (a === message.text) {","            answer = a;","          }","        });","","        if (answer) {","          _this2.emit('question:answer', answer, message);","          return message;","        }","","        _this2.emit('question:invalid', message);","        throw message;","      });","    }","  }]);","","  return Question;","}(_Message3.default);","","exports.default = Question;","module.exports = exports['default'];",""],"l":{"3":1,"7":2,"9":1,"11":1,"13":1,"15":1,"17":1,"19":2,"21":1,"23":1,"25":1,"32":1,"33":1,"40":1,"41":0,"43":0,"45":0,"47":0,"48":0,"50":0,"51":0,"62":1,"65":0,"66":0,"67":0,"83":0,"85":0,"87":0,"88":0,"90":0,"91":0,"92":0,"94":0,"95":0,"99":0,"100":0,"101":0,"104":0,"105":0,"110":1,"113":1,"114":1}}}